<empty>
<empty>
<empty>
<empty>
<empty>
<empty>
<empty>
<empty>
<empty>
<empty>
<empty>
LIST: [key = perceive, val = 1]
<empty>
<empty>
<empty>
<empty>
<empty>
<empty>
<empty>
<empty>
<empty>
<empty>
<empty>
<empty>
<empty>
<empty>
<empty>
<empty>
<empty>
<empty>
<empty>
<empty>
<empty>
<empty>
LIST: [key = met, val = 1]
<empty>
<empty>
<empty>
<empty>
<empty>
<empty>
<empty>
<empty>
<empty>
<empty>
<empty>
<empty>
<empty>
<empty>
<empty>
<empty>
<empty>
<empty>
<empty>
<empty>
<empty>
<empty>
<empty>
<empty>
LIST: [key = orders, val = 1]
<empty>
<empty>
<empty>
<empty>
<empty>
LIST: [key = violently, val = 1]
LIST: [key = solid, val = 1]
<empty>
<empty>
<empty>
<empty>
<empty>
<empty>
<empty>
<empty>
<empty>
<empty>
LIST: [key = interrupted, val = 1]
<empty>
<empty>
LIST: [key = fourth, val = 1]
<empty>
<empty>
<empty>
<empty>
<empty>
<empty>
LIST: [key = an, val = 1]
<empty>
<empty>
<empty>
<empty>
<empty>
<empty>
<empty>
<empty>
<empty>
LIST: [key = producing, val = 1]
<empty>
<empty>
<empty>
LIST: [key = my, val = 1]
LIST: [key = part, val = 1]
<empty>
<empty>
<empty>
<empty>
<empty>
<empty>
LIST: [key = borne, val = 1]
<empty>
<empty>
<empty>
<empty>
<empty>
<empty>
<empty>
<empty>
<empty>
<empty>
<empty>
<empty>
<empty>
<empty>
<empty>
<empty>
<empty>
<empty>
<empty>
<empty>
<empty>
<empty>
<empty>
LIST: [key = ceased, val = 1]
<empty>
<empty>
<empty>
LIST: [key = even, val = 1]
<empty>
<empty>
<empty>
<empty>
<empty>
<empty>
<empty>
<empty>
<empty>
<empty>
<empty>
<empty>
<empty>
<empty>
<empty>
<empty>
<empty>
<empty>
<empty>
<empty>
<empty>
<empty>
<empty>
<empty>
<empty>
<empty>
<empty>
LIST: [key = stir, val = 1]
<empty>
<empty>
LIST: [key = whenever, val = 1]
<empty>
<empty>
<empty>
<empty>
<empty>
LIST: [key = pile, val = 1]
<empty>
<empty>
<empty>
<empty>
<empty>
<empty>
<empty>
<empty>
<empty>
<empty>
<empty>
<empty>
<empty>
<empty>
<empty>
<empty>
<empty>
<empty>
<empty>
<empty>
LIST: [key = waist, val = 1]
LIST: [key = remarkably, val = 1]
<empty>
<empty>
<empty>
<empty>
<empty>
<empty>
<empty>
<empty>
LIST: [key = earliest, val = 1]
<empty>
<empty>
<empty>
<empty>
<empty>
<empty>
LIST: [key = lay, val = 1]
<empty>
<empty>
<empty>
<empty>
<empty>
<empty>
<empty>
<empty>
<empty>
<empty>
<empty>
<empty>
<empty>
<empty>
<empty>
<empty>
<empty>
<empty>
<empty>
<empty>
<empty>
<empty>
<empty>
LIST: [key = whither, val = 1]
<empty>
<empty>
<empty>
<empty>
<empty>
<empty>
<empty>
<empty>
<empty>
<empty>
<empty>
<empty>
LIST: [key = fifth, val = 1]
<empty>
<empty>
<empty>
<empty>
<empty>
<empty>
<empty>
<empty>
<empty>
<empty>
<empty>
LIST: [key = soon, val = 1]
LIST: [key = montresors, val = 1]
<empty>
<empty>
<empty>
<empty>
<empty>
<empty>
<empty>
<empty>
<empty>
<empty>
<empty>
<empty>
<empty>
LIST: [key = moment, val = 1]
<empty>
<empty>
<empty>
<empty>
<empty>
<empty>
<empty>
<empty>
<empty>
<empty>
<empty>
<empty>
<empty>
<empty>
<empty>
<empty>
<empty>
<empty>
<empty>
LIST: [key = hesitated, val = 1]
LIST: [key = time, val = 1]
<empty>
<empty>
<empty>
<empty>
<empty>
<empty>
<empty>
<empty>
LIST: [key = adopted, val = 1]
<empty>
<empty>
<empty>
<empty>
<empty>
<empty>
<empty>
<empty>
<empty>
LIST: [key = interval, val = 1]
<empty>
<empty>
<empty>
<empty>
<empty>
<empty>
<empty>
<empty>
<empty>
<empty>
<empty>
<empty>
<empty>
<empty>
LIST: [key = might, val = 1]
LIST: [key = winding, val = 1]
<empty>
<empty>
LIST: [key = began, val = 1]
<empty>
<empty>
<empty>
<empty>
<empty>
<empty>
LIST: [key = draught, val = 1]
<empty>
<empty>
<empty>
<empty>
<empty>
<empty>
<empty>
<empty>
<empty>
<empty>
<empty>
<empty>
<empty>
<empty>
<empty>
<empty>
<empty>
<empty>
LIST: [key = doubt, val = 1]
<empty>
<empty>
<empty>
<empty>
<empty>
<empty>
<empty>
<empty>
<empty>
<empty>
<empty>
LIST: [key = done, val = 1]
<empty>
<empty>
<empty>
<empty>
<empty>
<empty>
<empty>
<empty>
<empty>
LIST: [key = impune, val = 1]
<empty>
<empty>
<empty>
<empty>
<empty>
<empty>
LIST: [key = flame, val = 1]
<empty>
<empty>
<empty>
<empty>
LIST: [key = resumed, val = 1]
<empty>
<empty>
LIST: [key = descended, val = 1]
<empty>
<empty>
<empty>
<empty>
<empty>
<empty>
<empty>
<empty>
<empty>
<empty>
<empty>
<empty>
<empty>
<empty>
<empty>
<empty>
<empty>
<empty>
<empty>
<empty>
<empty>
<empty>
<empty>
<empty>
<empty>
<empty>
<empty>
<empty>
<empty>
<empty>
<empty>
<empty>
<empty>
<empty>
<empty>
<empty>
<empty>
<empty>
<empty>
<empty>
<empty>
<empty>
<empty>
<empty>
<empty>
<empty>
<empty>
<empty>
<empty>
LIST: [key = single, val = 1]
<empty>
<empty>
LIST: [key = length, val = 1]
LIST: [key = life, val = 1]
<empty>
<empty>
<empty>
<empty>
<empty>
<empty>
<empty>
<empty>
<empty>
<empty>
<empty>
<empty>
<empty>
<empty>
<empty>
<empty>
<empty>
<empty>
<empty>
<empty>
<empty>
<empty>
<empty>
<empty>
<empty>
LIST: [key = impossible, val = 1], [key = mould, val = 1]
<empty>
<empty>
<empty>
<empty>
<empty>
<empty>
<empty>
<empty>
<empty>
<empty>
<empty>
<empty>
<empty>
<empty>
<empty>
LIST: [key = retribution, val = 1]
<empty>
<empty>
<empty>
<empty>
<empty>
<empty>
<empty>
<empty>
LIST: [key = prided, val = 1]
<empty>
<empty>
<empty>
<empty>
<empty>
<empty>
<empty>
<empty>
<empty>
<empty>
<empty>
LIST: [key = appeared, val = 1]
<empty>
<empty>
<empty>
LIST: [key = stood, val = 1]
<empty>
LIST: [key = staples, val = 1]
<empty>
<empty>
<empty>
<empty>
<empty>
<empty>
<empty>
<empty>
<empty>
<empty>
<empty>
<empty>
<empty>
<empty>
<empty>
LIST: [key = silly, val = 1]
<empty>
<empty>
<empty>
<empty>
LIST: [key = uplifting, val = 1]
<empty>
<empty>
<empty>
<empty>
<empty>
<empty>
<empty>
<empty>
<empty>
<empty>
<empty>
<empty>
<empty>
<empty>
<empty>
<empty>
<empty>
<empty>
<empty>
<empty>
<empty>
<empty>
<empty>
<empty>
<empty>
<empty>
<empty>
<empty>
<empty>
<empty>
<empty>
<empty>
<empty>
<empty>
<empty>
<empty>
<empty>
<empty>
<empty>
<empty>
<empty>
LIST: [key = folds, val = 1]
<empty>
<empty>
<empty>
<empty>
LIST: [key = bursting, val = 1]
<empty>
LIST: [key = return, val = 1]
<empty>
<empty>
<empty>
<empty>
<empty>
<empty>
<empty>
<empty>
<empty>
<empty>
<empty>
<empty>
<empty>
<empty>
<empty>
<empty>
<empty>
<empty>
<empty>
<empty>
<empty>
<empty>
<empty>
<empty>
<empty>
<empty>
<empty>
<empty>
<empty>
<empty>
<empty>
<empty>
<empty>
<empty>
<empty>
<empty>
<empty>
<empty>
<empty>
<empty>
<empty>
<empty>
<empty>
<empty>
<empty>
<empty>
<empty>
<empty>
<empty>
<empty>
<empty>
<empty>
<empty>
<empty>
<empty>
<empty>
<empty>
<empty>
<empty>
<empty>
<empty>
<empty>
<empty>
<empty>
<empty>
<empty>
<empty>
<empty>
<empty>
<empty>
LIST: [key = satisfy, val = 1]
<empty>
<empty>
<empty>
<empty>
<empty>
<empty>
<empty>
<empty>
<empty>
<empty>
<empty>
<empty>
<empty>
<empty>
<empty>
<empty>
<empty>
<empty>
<empty>
<empty>
<empty>
<empty>
<empty>
<empty>
<empty>
<empty>
LIST: [key = unneccessarily-but, val = 1]
<empty>
<empty>
LIST: [key = catacombs, val = 1]
<empty>
<empty>
<empty>
<empty>
<empty>
<empty>
<empty>
<empty>
<empty>
LIST: [key = only, val = 1], [key = once, val = 1]
<empty>
<empty>
<empty>
<empty>
<empty>
<empty>
<empty>
<empty>
<empty>
<empty>
<empty>
<empty>
<empty>
<empty>
<empty>
<empty>
<empty>
LIST: [key = links, val = 1]
<empty>
<empty>
<empty>
<empty>
<empty>
<empty>
<empty>
<empty>
<empty>
<empty>
<empty>
<empty>
<empty>
<empty>
<empty>
LIST: [key = impatient, val = 1]
<empty>
<empty>
LIST: [key = suites, val = 1]
<empty>
<empty>
<empty>
<empty>
<empty>
<empty>
<empty>
<empty>
<empty>
<empty>
<empty>
<empty>
<empty>
<empty>
<empty>
<empty>
LIST: [key = few, val = 1]
<empty>
LIST: [key = mound, val = 1]
<empty>
LIST: [key = said, val = 1]
<empty>
<empty>
<empty>
<empty>
<empty>
<empty>
<empty>
LIST: [key = are, val = 1]
<empty>
<empty>
<empty>
<empty>
LIST: [key = observe, val = 1]
<empty>
<empty>
<empty>
<empty>
<empty>
<empty>
<empty>
<empty>
<empty>
<empty>
<empty>
<empty>
<empty>
<empty>
<empty>
<empty>
<empty>
<empty>
<empty>
<empty>
<empty>
<empty>
<empty>
<empty>
<empty>
<empty>
<empty>
<empty>
<empty>
<empty>
<empty>
LIST: [key = medoc, val = 1]
<empty>
<empty>
<empty>
<empty>
<empty>
<empty>
<empty>
<empty>
<empty>
<empty>
<empty>
<empty>
<empty>
<empty>
<empty>
<empty>
<empty>
<empty>
<empty>
<empty>
<empty>
<empty>
<empty>
<empty>
<empty>
<empty>
<empty>
<empty>
<empty>
<empty>
LIST: [key = precluded, val = 1]
<empty>
<empty>
<empty>
<empty>
<empty>
<empty>
<empty>
<empty>
LIST: [key = cannot, val = 1]
<empty>
<empty>
<empty>
<empty>
<empty>
<empty>
<empty>
<empty>
<empty>
<empty>
<empty>
<empty>
<empty>
<empty>
<empty>
<empty>
<empty>
<empty>
<empty>
<empty>
<empty>
<empty>
<empty>
<empty>
<empty>
<empty>
<empty>
<empty>
<empty>
<empty>
<empty>
<empty>
<empty>
<empty>
<empty>
<empty>
<empty>
<empty>
<empty>
<empty>
<empty>
<empty>
<empty>
<empty>
<empty>
<empty>
<empty>
<empty>
<empty>
<empty>
LIST: [key = he!-he, val = 1]
<empty>
<empty>
<empty>
<empty>
<empty>
<empty>
<empty>
<empty>
LIST: [key = position, val = 1]
<empty>
<empty>
<empty>
<empty>
<empty>
<empty>
<empty>
<empty>
LIST: [key = all, val = 1]
<empty>
LIST: [key = imbedded, val = 1]
LIST: [key = bargain, val = 1]
<empty>
<empty>
<empty>
<empty>
<empty>
LIST: [key = warm, val = 1]
<empty>
<empty>
<empty>
<empty>
<empty>
<empty>
<empty>
<empty>
<empty>
<empty>
<empty>
<empty>
<empty>
<empty>
<empty>
<empty>
<empty>
<empty>
<empty>
<empty>
<empty>
<empty>
<empty>
<empty>
<empty>
<empty>
<empty>
<empty>
<empty>
<empty>
<empty>
<empty>
<empty>
LIST: [key = fails, val = 1]
<empty>
<empty>
LIST: [key = suit, val = 1]
<empty>
<empty>
<empty>
<empty>
<empty>
<empty>
<empty>
<empty>
LIST: [key = ha, val = 1]
<empty>
<empty>
<empty>
<empty>
<empty>
<empty>
<empty>
<empty>
<empty>
LIST: [key = colossal, val = 1]
<empty>
<empty>
<empty>
LIST: [key = trowel, val = 1]
<empty>
<empty>
<empty>
<empty>
<empty>
<empty>
<empty>
<empty>
<empty>
<empty>
<empty>
<empty>
<empty>
<empty>
<empty>
<empty>
<empty>
<empty>
<empty>
<empty>
LIST: [key = heavily, val = 1]
<empty>
<empty>
<empty>
<empty>
<empty>
<empty>
<empty>
<empty>
<empty>
LIST: [key = a, val = 1]
<empty>
LIST: [key = down, val = 1]
<empty>
<empty>
<empty>
<empty>
<empty>
<empty>
<empty>
<empty>
<empty>
<empty>
LIST: [key = alarming, val = 1]
<empty>
<empty>
<empty>
<empty>
<empty>
<empty>
<empty>
<empty>
<empty>
<empty>
<empty>
<empty>
<empty>
<empty>
LIST: [key = thrust, val = 1]
<empty>
<empty>
LIST: [key = niche, val = 1]
<empty>
LIST: [key = deep, val = 1]
<empty>
<empty>
<empty>
<empty>
<empty>
<empty>
<empty>
<empty>
<empty>
<empty>
LIST: [key = you, val = 1]
<empty>
<empty>
<empty>
<empty>
<empty>
<empty>
<empty>
<empty>
<empty>
<empty>
<empty>
<empty>
<empty>
<empty>
<empty>
LIST: [key = low, val = 1]
<empty>
<empty>
<empty>
<empty>
<empty>
<empty>
<empty>
LIST: [key = called, val = 1]
<empty>
<empty>
<empty>
<empty>
<empty>
<empty>
<empty>
<empty>
<empty>
<empty>
<empty>
<empty>
<empty>
<empty>
<empty>
<empty>
<empty>
<empty>
LIST: [key = help, val = 1]
<empty>
<empty>
<empty>
<empty>
<empty>
LIST: [key = vintages, val = 1]
<empty>
<empty>
<empty>
<empty>
<empty>
<empty>
<empty>
<empty>
<empty>
<empty>
<empty>
<empty>
<empty>
<empty>
<empty>
<empty>
LIST: [key = so, val = 1]
LIST: [key = was, val = 1]
<empty>
<empty>
<empty>
<empty>
<empty>
<empty>
<empty>
<empty>
<empty>
<empty>
<empty>
<empty>
<empty>
<empty>
<empty>
<empty>
<empty>
<empty>
<empty>
LIST: [key = cough, val = 1]
LIST: [key = black, val = 1]
<empty>
<empty>
<empty>
<empty>
<empty>
<empty>
<empty>
<empty>
<empty>
LIST: [key = drinking, val = 1]
<empty>
<empty>
<empty>
<empty>
<empty>
<empty>
<empty>
<empty>
<empty>
<empty>
<empty>
<empty>
<empty>
<empty>
<empty>
<empty>
<empty>
<empty>
<empty>
<empty>
<empty>
<empty>
<empty>
<empty>
LIST: [key = nothing, val = 1]
<empty>
<empty>
<empty>
<empty>
<empty>
<empty>
<empty>
<empty>
<empty>
<empty>
<empty>
<empty>
<empty>
<empty>
LIST: [key = together, val = 1]
<empty>
LIST: [key = made, val = 1]
<empty>
<empty>
<empty>
<empty>
<empty>
<empty>
<empty>
<empty>
<empty>
<empty>
<empty>
<empty>
<empty>
<empty>
<empty>
<empty>
<empty>
<empty>
<empty>
<empty>
<empty>
<empty>
<empty>
<empty>
<empty>
<empty>
<empty>
<empty>
<empty>
<empty>
<empty>
<empty>
<empty>
<empty>
<empty>
LIST: [key = joke, val = 1]
<empty>
LIST: [key = vowed, val = 1]
<empty>
LIST: [key = interruption, val = 1]
<empty>
<empty>
<empty>
<empty>
<empty>
<empty>
LIST: [key = noise, val = 1]
<empty>
<empty>
<empty>
<empty>
<empty>
<empty>
<empty>
<empty>
<empty>
<empty>
<empty>
<empty>
<empty>
<empty>
<empty>
<empty>
<empty>
<empty>
<empty>
<empty>
<empty>
<empty>
<empty>
<empty>
<empty>
<empty>
<empty>
<empty>
<empty>
<empty>
<empty>
<empty>
<empty>
<empty>
<empty>
<empty>
<empty>
<empty>
<empty>
<empty>
<empty>
<empty>
<empty>
<empty>
<empty>
<empty>
<empty>
<empty>
<empty>
<empty>
<empty>
<empty>
<empty>
LIST: [key = arms, val = 1]
<empty>
<empty>
<empty>
<empty>
<empty>
<empty>
<empty>
<empty>
<empty>
<empty>
<empty>
LIST: [key = progress, val = 1]
<empty>
<empty>
<empty>
<empty>
<empty>
<empty>
<empty>
<empty>
<empty>
<empty>
<empty>
<empty>
<empty>
<empty>
LIST: [key = hurry, val = 1]
<empty>
<empty>
<empty>
<empty>
LIST: [key = portion, val = 1]
<empty>
<empty>
<empty>
<empty>
<empty>
<empty>
<empty>
<empty>
<empty>
<empty>
<empty>
<empty>
<empty>
<empty>
<empty>
<empty>
<empty>
<empty>
<empty>
<empty>
<empty>
<empty>
<empty>
<empty>
<empty>
<empty>
<empty>
<empty>
<empty>
<empty>
<empty>
<empty>
<empty>
<empty>
<empty>
<empty>
<empty>
<empty>
<empty>
<empty>
LIST: [key = seemed, val = 1]
<empty>
<empty>
<empty>
<empty>
<empty>
LIST: [key = with, val = 1]
<empty>
<empty>
<empty>
LIST: [key = sufficient, val = 1]
<empty>
<empty>
<empty>
<empty>
<empty>
<empty>
<empty>
LIST: [key = countrymen, val = 1]
<empty>
<empty>
<empty>
<empty>
<empty>
<empty>
<empty>
<empty>
LIST: [key = circumscribing, val = 1]
LIST: [key = tell, val = 1]
<empty>
<empty>
<empty>
<empty>
<empty>
<empty>
<empty>
<empty>
<empty>
<empty>
<empty>
<empty>
<empty>
<empty>
<empty>
<empty>
<empty>
<empty>
<empty>
<empty>
<empty>
<empty>
<empty>
<empty>
<empty>
<empty>
<empty>
<empty>
<empty>
<empty>
<empty>
<empty>
<empty>
<empty>
<empty>
<empty>
<empty>
<empty>
<empty>
<empty>
<empty>
<empty>
<empty>
<empty>
<empty>
<empty>
<empty>
<empty>
LIST: [key = face, val = 1], [key = throat, val = 1]
<empty>
<empty>
<empty>
<empty>
<empty>
<empty>
<empty>
<empty>
<empty>
<empty>
<empty>
<empty>
<empty>
<empty>
<empty>
<empty>
<empty>
LIST: [key = brotherhood, val = 1]
<empty>
<empty>
LIST: [key = thought, val = 1]
<empty>
LIST: [key = settled-but, val = 1], [key = middle, val = 1]
<empty>
<empty>
<empty>
LIST: [key = unsheathing, val = 1]
<empty>
LIST: [key = eyes, val = 1]
<empty>
<empty>
<empty>
<empty>
<empty>
<empty>
<empty>
<empty>
<empty>
<empty>
<empty>
<empty>
<empty>
<empty>
<empty>
<empty>
<empty>
<empty>
<empty>
<empty>
<empty>
<empty>
<empty>
<empty>
<empty>
<empty>
<empty>
LIST: [key = montresor, val = 1]
<empty>
<empty>
<empty>
<empty>
LIST: [key = our, val = 1]
<empty>
<empty>
<empty>
<empty>
<empty>
<empty>
<empty>
<empty>
<empty>
<empty>
<empty>
<empty>
<empty>
<empty>
<empty>
<empty>
<empty>
<empty>
<empty>
<empty>
<empty>
LIST: [key = bought, val = 1]
<empty>
<empty>
<empty>
LIST: [key = engagement;-come, val = 1]
<empty>
<empty>
<empty>
LIST: [key = rheum, val = 1]
<empty>
<empty>
<empty>
<empty>
<empty>
<empty>
<empty>
<empty>
<empty>
<empty>
LIST: [key = amontillado, val = 1]
<empty>
<empty>
<empty>
<empty>
<empty>
<empty>
<empty>
<empty>
<empty>
<empty>
<empty>
<empty>
<empty>
<empty>
<empty>
<empty>
<empty>
<empty>
LIST: [key = nitre, val = 1]
<empty>
<empty>
<empty>
<empty>
<empty>
<empty>
<empty>
<empty>
<empty>
<empty>
<empty>
<empty>
<empty>
<empty>
<empty>
<empty>
<empty>
<empty>
<empty>
<empty>
<empty>
<empty>
<empty>
<empty>
<empty>
<empty>
<empty>
<empty>
<empty>
<empty>
<empty>
<empty>
<empty>
LIST: [key = level, val = 1]
<empty>
LIST: [key = screams, val = 1]
<empty>
<empty>
<empty>
<empty>
LIST: [key = to, val = 1]
<empty>
<empty>
<empty>
<empty>
<empty>
<empty>
<empty>
<empty>
LIST: [key = missed, val = 1]
LIST: [key = make, val = 1]
<empty>
<empty>
LIST: [key = recoiling, val = 1]
<empty>
<empty>
LIST: [key = encountered, val = 1], [key = proceeded, val = 1]
<empty>
<empty>
<empty>
<empty>
<empty>
<empty>
<empty>
<empty>
<empty>
<empty>
<empty>
<empty>
<empty>
<empty>
<empty>
<empty>
<empty>
<empty>
LIST: [key = when, val = 1]
<empty>
<empty>
<empty>
<empty>
LIST: [key = kill, val = 1]
<empty>
<empty>
<empty>
<empty>
<empty>
<empty>
<empty>
<empty>
<empty>
<empty>
<empty>
<empty>
LIST: [key = given, val = 1]
<empty>
<empty>
<empty>
<empty>
LIST: [key = must, val = 1]
<empty>
<empty>
<empty>
<empty>
<empty>
<empty>
<empty>
<empty>
<empty>
<empty>
<empty>
<empty>
<empty>
<empty>
<empty>
<empty>
LIST: [key = skeletons, val = 1]
<empty>
<empty>
<empty>
<empty>
<empty>
<empty>
<empty>
<empty>
<empty>
<empty>
<empty>
<empty>
<empty>
<empty>
<empty>
<empty>
<empty>
<empty>
<empty>
<empty>
<empty>
<empty>
<empty>
<empty>
<empty>
<empty>
<empty>
<empty>
<empty>
<empty>
<empty>
<empty>
<empty>
<empty>
<empty>
<empty>
LIST: [key = end, val = 1]
<empty>
<empty>
<empty>
<empty>
<empty>
<empty>
<empty>
<empty>
<empty>
<empty>
LIST: [key = descending, val = 1]
<empty>
LIST: [key = madness, val = 1]
<empty>
<empty>
<empty>
<empty>
<empty>
<empty>
<empty>
LIST: [key = poe, val = 1]
<empty>
<empty>
<empty>
<empty>
<empty>
<empty>
<empty>
<empty>
<empty>
<empty>
<empty>
LIST: [key = midnight, val = 1]
<empty>
<empty>
<empty>
<empty>
<empty>
<empty>
LIST: [key = found, val = 1], [key = forget, val = 1]
<empty>
<empty>
<empty>
<empty>
<empty>
<empty>
<empty>
<empty>
<empty>
<empty>
<empty>
<empty>
<empty>
<empty>
<empty>
<empty>
<empty>
<empty>
<empty>
<empty>
LIST: [key = first, val = 1]
<empty>
<empty>
<empty>
<empty>
<empty>
<empty>
<empty>
LIST: [key = here, val = 1]
<empty>
LIST: [key = avenger, val = 1]
LIST: [key = astounded, val = 1]
LIST: [key = for, val = 1]
<empty>
<empty>
<empty>
<empty>
<empty>
<empty>
<empty>
<empty>
LIST: [key = second, val = 1]
<empty>
<empty>
<empty>
<empty>
<empty>
LIST: [key = explicit, val = 1]
<empty>
<empty>
<empty>
<empty>
<empty>
<empty>
<empty>
<empty>
<empty>
<empty>
<empty>
<empty>
<empty>
<empty>
<empty>
LIST: [key = redresser, val = 1]
<empty>
<empty>
<empty>
<empty>
<empty>
<empty>
<empty>
<empty>
<empty>
<empty>
LIST: [key = manner, val = 1]
<empty>
LIST: [key = range, val = 1]
<empty>
<empty>
<empty>
<empty>
<empty>
<empty>
<empty>
<empty>
<empty>
LIST: [key = thrown, val = 1]
<empty>
<empty>
<empty>
<empty>
<empty>
<empty>
<empty>
<empty>
<empty>
<empty>
<empty>
<empty>
<empty>
<empty>
<empty>
<empty>
<empty>
<empty>
<empty>
<empty>
<empty>
<empty>
<empty>
<empty>
<empty>
<empty>
<empty>
<empty>
<empty>
<empty>
<empty>
<empty>
<empty>
<empty>
<empty>
<empty>
<empty>
<empty>
LIST: [key = most, val = 1]
LIST: [key = yes, val = 1]
<empty>
<empty>
<empty>
<empty>
<empty>
<empty>
<empty>
<empty>
<empty>
<empty>
<empty>
<empty>
<empty>
<empty>
<empty>
<empty>
<empty>
<empty>
<empty>
LIST: [key = leaned, val = 1]
<empty>
<empty>
<empty>
<empty>
<empty>
<empty>
<empty>
<empty>
<empty>
<empty>
<empty>
<empty>
<empty>
<empty>
<empty>
<empty>
<empty>
<empty>
LIST: [key = lined, val = 1]
<empty>
<empty>
<empty>
<empty>
<empty>
<empty>
<empty>
<empty>
<empty>
<empty>
<empty>
<empty>
<empty>
<empty>
<empty>
LIST: [key = very, val = 1]
<empty>
<empty>
<empty>
<empty>
<empty>
<empty>
<empty>
<empty>
<empty>
<empty>
<empty>
<empty>
<empty>
<empty>
<empty>
<empty>
<empty>
<empty>
<empty>
<empty>
<empty>
<empty>
<empty>
<empty>
<empty>
<empty>
<empty>
<empty>
<empty>
<empty>
<empty>
<empty>
<empty>
<empty>
<empty>
<empty>
<empty>
<empty>
<empty>
<empty>
<empty>
LIST: [key = cause, val = 1]
<empty>
<empty>
<empty>
<empty>
<empty>
<empty>
<empty>
<empty>
<empty>
<empty>
<empty>
<empty>
<empty>
<empty>
<empty>
<empty>
<empty>
<empty>
<empty>
<empty>
<empty>
<empty>
<empty>
<empty>
<empty>
<empty>
<empty>
<empty>
<empty>
<empty>
<empty>
<empty>
<empty>
<empty>
<empty>
<empty>
<empty>
<empty>
<empty>
<empty>
<empty>
<empty>
<empty>
<empty>
<empty>
<empty>
<empty>
<empty>
<empty>
<empty>
<empty>
<empty>
<empty>
<empty>
<empty>
<empty>
<empty>
<empty>
<empty>
<empty>
<empty>
<empty>
<empty>
<empty>
<empty>
<empty>
<empty>
LIST: [key = imposed, val = 1]
<empty>
<empty>
<empty>
<empty>
<empty>
<empty>
<empty>
<empty>
<empty>
<empty>
<empty>
<empty>
LIST: [key = overhead, val = 1]
<empty>
<empty>
<empty>
<empty>
<empty>
<empty>
<empty>
<empty>
<empty>
<empty>
LIST: [key = feeling, val = 1]
<empty>
<empty>
<empty>
<empty>
LIST: [key = morning, val = 1]
<empty>
LIST: [key = recesses, val = 1]
<empty>
<empty>
<empty>
<empty>
<empty>
<empty>
<empty>
<empty>
<empty>
<empty>
<empty>
<empty>
<empty>
<empty>
<empty>
<empty>
<empty>
<empty>
<empty>
<empty>
<empty>
<empty>
<empty>
<empty>
<empty>
<empty>
LIST: [key = pace, val = 1]
<empty>
<empty>
LIST: [key = serpent, val = 1]
<empty>
<empty>
<empty>
<empty>
<empty>
<empty>
<empty>
<empty>
<empty>
<empty>
<empty>
<empty>
<empty>
<empty>
<empty>
<empty>
LIST: [key = conical, val = 1]
<empty>
<empty>
<empty>
<empty>
<empty>
<empty>
<empty>
<empty>
<empty>
<empty>
<empty>
<empty>
<empty>
<empty>
<empty>
<empty>
<empty>
<empty>
<empty>
<empty>
<empty>
<empty>
<empty>
<empty>
<empty>
<empty>
<empty>
LIST: [key = off, val = 1]
<empty>
<empty>
<empty>
<empty>
<empty>
<empty>
<empty>
<empty>
<empty>
<empty>
<empty>
<empty>
<empty>
<empty>
<empty>
<empty>
<empty>
<empty>
<empty>
<empty>
<empty>
<empty>
LIST: [key = feet, val = 1]
<empty>
<empty>
LIST: [key = distilled, val = 1]
<empty>
<empty>
<empty>
<empty>
<empty>
<empty>
<empty>
<empty>
<empty>
<empty>
LIST: [key = great, val = 1]
<empty>
<empty>
LIST: [key = grotesque, val = 1]
<empty>
<empty>
<empty>
<empty>
<empty>
<empty>
<empty>
<empty>
<empty>
<empty>
<empty>
<empty>
<empty>
<empty>
<empty>
<empty>
<empty>
<empty>
<empty>
<empty>
<empty>
<empty>
LIST: [key = dear, val = 1]
<empty>
<empty>
<empty>
<empty>
<empty>
<empty>
<empty>
<empty>
<empty>
<empty>
<empty>
<empty>
<empty>
<empty>
<empty>
<empty>
<empty>
<empty>
LIST: [key = measure, val = 1]
<empty>
<empty>
<empty>
<empty>
<empty>
<empty>
<empty>
<empty>
<empty>
<empty>
<empty>
<empty>
<empty>
<empty>
<empty>
<empty>
<empty>
<empty>
<empty>
<empty>
<empty>
<empty>
<empty>
<empty>
<empty>
<empty>
<empty>
<empty>
<empty>
<empty>
<empty>
<empty>
<empty>
<empty>
<empty>
LIST: [key = austrian, val = 1]
<empty>
LIST: [key = cask, val = 1]
<empty>
<empty>
<empty>
<empty>
<empty>
<empty>
<empty>
<empty>
<empty>
<empty>
<empty>
<empty>
<empty>
<empty>
<empty>
<empty>
<empty>
LIST: [key = damps, val = 1]
<empty>
<empty>
<empty>
<empty>
<empty>
<empty>
<empty>
<empty>
<empty>
<empty>
<empty>
<empty>
<empty>
<empty>
<empty>
LIST: [key = pleased, val = 1]
LIST: [key = buried, val = 1]
<empty>
<empty>
<empty>
<empty>
<empty>
LIST: [key = laughed, val = 1]
LIST: [key = short, val = 1], [key = labours, val = 1]
<empty>
<empty>
<empty>
<empty>
<empty>
<empty>
LIST: [key = caused, val = 1]
<empty>
<empty>
<empty>
<empty>
<empty>
<empty>
<empty>
<empty>
LIST: [key = respect, val = 1]
<empty>
<empty>
<empty>
<empty>
<empty>
<empty>
<empty>
<empty>
<empty>
LIST: [key = earth, val = 1]
<empty>
<empty>
<empty>
<empty>
<empty>
<empty>
LIST: [key = practice, val = 1]
<empty>
<empty>
<empty>
<empty>
<empty>
<empty>
<empty>
LIST: [key = descent, val = 1]
<empty>
<empty>
<empty>
<empty>
<empty>
LIST: [key = giving, val = 1]
<empty>
<empty>
<empty>
<empty>
LIST: [key = strode, val = 1]
<empty>
<empty>
<empty>
<empty>
<empty>
<empty>
<empty>
<empty>
<empty>
<empty>
<empty>
<empty>
<empty>
<empty>
<empty>
<empty>
<empty>
<empty>
<empty>
<empty>
<empty>
<empty>
<empty>
<empty>
<empty>
<empty>
<empty>
<empty>
<empty>
<empty>
<empty>
<empty>
<empty>
<empty>
<empty>
<empty>
<empty>
<empty>
<empty>
<empty>
<empty>
<empty>
<empty>
<empty>
<empty>
<empty>
<empty>
<empty>
<empty>
<empty>
<empty>
<empty>
<empty>
<empty>
<empty>
<empty>
<empty>
<empty>
<empty>
<empty>
<empty>
<empty>
<empty>
<empty>
<empty>
<empty>
<empty>
<empty>
<empty>
<empty>
<empty>
<empty>
<empty>
<empty>
<empty>
<empty>
<empty>
<empty>
<empty>
<empty>
<empty>
<empty>
<empty>
<empty>
<empty>
<empty>
LIST: [key = half, val = 1]
<empty>
<empty>
<empty>
<empty>
<empty>
<empty>
LIST: [key = clamourer, val = 1]
<empty>
<empty>
<empty>
<empty>
<empty>
LIST: [key = suppose, val = 1]
<empty>
<empty>
<empty>
<empty>
<empty>
<empty>
<empty>
LIST: [key = friend, val = 1]
<empty>
LIST: [key = precious, val = 1]
<empty>
<empty>
<empty>
<empty>
<empty>
<empty>
<empty>
<empty>
<empty>
<empty>
<empty>
<empty>
LIST: [key = enable, val = 1]
<empty>
<empty>
<empty>
<empty>
<empty>
<empty>
<empty>
<empty>
<empty>
<empty>
<empty>
<empty>
<empty>
LIST: [key = weak, val = 1]
<empty>
LIST: [key = impunity, val = 1]
<empty>
<empty>
<empty>
<empty>
<empty>
<empty>
<empty>
<empty>
<empty>
<empty>
<empty>
<empty>
<empty>
<empty>
<empty>
<empty>
<empty>
LIST: [key = possessed, val = 1]
<empty>
<empty>
<empty>
<empty>
<empty>
<empty>
<empty>
LIST: [key = heel, val = 1]
LIST: [key = go, val = 1]
<empty>
LIST: [key = ignoramus, val = 1]
<empty>
<empty>
<empty>
<empty>
LIST: [key = honour, val = 1]
<empty>
<empty>
<empty>
<empty>
<empty>
<empty>
<empty>
<empty>
<empty>
<empty>
<empty>
<empty>
<empty>
<empty>
<empty>
<empty>
<empty>
<empty>
<empty>
<empty>
<empty>
<empty>
<empty>
<empty>
<empty>
<empty>
<empty>
<empty>
<empty>
LIST: [key = inmost, val = 1]
<empty>
<empty>
<empty>
<empty>
<empty>
<empty>
<empty>
<empty>
<empty>
<empty>
<empty>
<empty>
<empty>
<empty>
<empty>
<empty>
<empty>
<empty>
<empty>
<empty>
LIST: [key = price, val = 1]
<empty>
<empty>
<empty>
<empty>
<empty>
<empty>
<empty>
<empty>
<empty>
<empty>
<empty>
<empty>
<empty>
<empty>
<empty>
<empty>
<empty>
<empty>
<empty>
<empty>
<empty>
<empty>
<empty>
<empty>
<empty>
<empty>
<empty>
<empty>
<empty>
<empty>
<empty>
<empty>
<empty>
<empty>
<empty>
<empty>
<empty>
<empty>
<empty>
<empty>
<empty>
LIST: [key = paces, val = 1]
<empty>
<empty>
<empty>
<empty>
<empty>
<empty>
<empty>
<empty>
<empty>
<empty>
<empty>
<empty>
<empty>
<empty>
<empty>
<empty>
<empty>
<empty>
<empty>
LIST: [key = above, val = 1]
<empty>
<empty>
<empty>
<empty>
<empty>
<empty>
<empty>
<empty>
<empty>
<empty>
<empty>
<empty>
<empty>
<empty>
LIST: [key = head, val = 1]
<empty>
<empty>
<empty>
<empty>
<empty>
LIST: [key = supreme, val = 1]
<empty>
<empty>
LIST: [key = italian, val = 1]
<empty>
<empty>
<empty>
<empty>
<empty>
<empty>
<empty>
<empty>
<empty>
<empty>
<empty>
<empty>
<empty>
<empty>
<empty>
<empty>
LIST: [key = asked, val = 1]
<empty>
<empty>
<empty>
<empty>
<empty>
<empty>
<empty>
LIST: [key = plastered, val = 1]
<empty>
<empty>
<empty>
<empty>
<empty>
<empty>
<empty>
<empty>
<empty>
<empty>
<empty>
<empty>
<empty>
<empty>
<empty>
<empty>
<empty>
<empty>
<empty>
<empty>
LIST: [key = forth, val = 1]
<empty>
<empty>
<empty>
<empty>
<empty>
<empty>
<empty>
<empty>
<empty>
<empty>
<empty>
<empty>
<empty>
<empty>
<empty>
<empty>
<empty>
<empty>
<empty>
<empty>
<empty>
<empty>
<empty>
<empty>
<empty>
<empty>
<empty>
<empty>
<empty>
<empty>
<empty>
<empty>
<empty>
<empty>
<empty>
LIST: [key = know, val = 1]
<empty>
<empty>
<empty>
<empty>
<empty>
<empty>
<empty>
<empty>
<empty>
<empty>
<empty>
<empty>
<empty>
<empty>
<empty>
<empty>
LIST: [key = side, val = 1]
<empty>
LIST: [key = grope, val = 1]
<empty>
LIST: [key = field, val = 1]
<empty>
<empty>
<empty>
<empty>
<empty>
<empty>
<empty>
<empty>
<empty>
<empty>
<empty>
<empty>
<empty>
<empty>
<empty>
<empty>
<empty>
<empty>
<empty>
<empty>
<empty>
<empty>
<empty>
<empty>
<empty>
<empty>
<empty>
<empty>
<empty>
<empty>
<empty>
<empty>
<empty>
<empty>
LIST: [key = aided, val = 1]
<empty>
<empty>
<empty>
<empty>
<empty>
<empty>
<empty>
<empty>
<empty>
<empty>
<empty>
<empty>
<empty>
<empty>
<empty>
<empty>
<empty>
<empty>
<empty>
<empty>
<empty>
LIST: [key = wine-he, val = 1]
<empty>
<empty>
<empty>
<empty>
<empty>
<empty>
<empty>
<empty>
<empty>
<empty>
<empty>
<empty>
<empty>
<empty>
<empty>
<empty>
<empty>
<empty>
<empty>
<empty>
<empty>
<empty>
<empty>
<empty>
<empty>
<empty>
<empty>
<empty>
<empty>
<empty>
<empty>
<empty>
<empty>
<empty>
<empty>
<empty>
<empty>
<empty>
<empty>
<empty>
<empty>
<empty>
<empty>
<empty>
LIST: [key = remained, val = 1]
<empty>
<empty>
<empty>
<empty>
<empty>
<empty>
<empty>
LIST: [key = took, val = 1]
LIST: [key = casks, val = 1]
LIST: [key = fabric, val = 1]
<empty>
<empty>
<empty>
<empty>
<empty>
<empty>
<empty>
<empty>
<empty>
LIST: [key = as, val = 1]
<empty>
<empty>
<empty>
<empty>
<empty>
<empty>
LIST: [key = mask, val = 1]
<empty>
<empty>
<empty>
<empty>
<empty>
<empty>
<empty>
<empty>
<empty>
<empty>
<empty>
<empty>
<empty>
<empty>
<empty>
<empty>
<empty>
<empty>
<empty>
<empty>
<empty>
<empty>
LIST: [key = encrusted, val = 1]
LIST: [key = herein, val = 1]
LIST: [key = rest, val = 1]
<empty>
<empty>
<empty>
<empty>
<empty>
<empty>
<empty>
<empty>
<empty>
<empty>
<empty>
<empty>
<empty>
<empty>
<empty>
<empty>
<empty>
<empty>
LIST: [key = without, val = 1]
<empty>
<empty>
LIST: [key = italians, val = 1]
<empty>
<empty>
<empty>
<empty>
<empty>
<empty>
<empty>
<empty>
<empty>
<empty>
<empty>
<empty>
<empty>
<empty>
<empty>
<empty>
<empty>
<empty>
<empty>
<empty>
<empty>
<empty>
<empty>
<empty>
<empty>
<empty>
<empty>
<empty>
<empty>
<empty>
<empty>
<empty>
<empty>
<empty>
<empty>
<empty>
<empty>
<empty>
<empty>
<empty>
<empty>
<empty>
LIST: [key = movement-a, val = 1]
<empty>
<empty>
<empty>
<empty>
LIST: [key = let, val = 1]
<empty>
<empty>
<empty>
<empty>
<empty>
<empty>
<empty>
<empty>
<empty>
<empty>
<empty>
<empty>
LIST: [key = the, val = 1]
<empty>
<empty>
<empty>
<empty>
<empty>
<empty>
<empty>
<empty>
<empty>
<empty>
<empty>
<empty>
<empty>
<empty>
<empty>
<empty>
<empty>
<empty>
<empty>
<empty>
<empty>
<empty>
LIST: [key = seventh, val = 1]
<empty>
<empty>
<empty>
<empty>
<empty>
<empty>
<empty>
<empty>
<empty>
<empty>
<empty>
<empty>
<empty>
<empty>
<empty>
<empty>
<empty>
<empty>
<empty>
<empty>
<empty>
<empty>
<empty>
<empty>
<empty>
<empty>
LIST: [key = three, val = 1]
<empty>
<empty>
<empty>
<empty>
<empty>
<empty>
<empty>
<empty>
<empty>
LIST: [key = luchresi, val = 1]
<empty>
<empty>
<empty>
<empty>
<empty>
<empty>
<empty>
<empty>
<empty>
<empty>
<empty>
<empty>
<empty>
<empty>
<empty>
<empty>
<empty>
<empty>
<empty>
<empty>
<empty>
<empty>
<empty>
<empty>
<empty>
<empty>
<empty>
<empty>
<empty>
<empty>
<empty>
<empty>
<empty>
<empty>
<empty>
<empty>
<empty>
<empty>
<empty>
<empty>
<empty>
<empty>
<empty>
LIST: [key = consulting, val = 1]
<empty>
<empty>
<empty>
<empty>
<empty>
<empty>
<empty>
<empty>
<empty>
<empty>
<empty>
<empty>
<empty>
<empty>
<empty>
<empty>
<empty>
<empty>
<empty>
<empty>
LIST: [key = well, val = 1]
<empty>
LIST: [key = instant, val = 1]
<empty>
<empty>
<empty>
<empty>
<empty>
<empty>
<empty>
<empty>
<empty>
LIST: [key = they, val = 1]
<empty>
<empty>
<empty>
LIST: [key = chained, val = 1]
<empty>
<empty>
<empty>
<empty>
<empty>
<empty>
<empty>
<empty>
<empty>
<empty>
<empty>
<empty>
<empty>
<empty>
<empty>
<empty>
<empty>
<empty>
<empty>
<empty>
<empty>
LIST: [key = damp, val = 1]
<empty>
<empty>
LIST: [key = beloved, val = 1]
<empty>
<empty>
<empty>
<empty>
<empty>
<empty>
<empty>
LIST: [key = understand, val = 1]
<empty>
<empty>
<empty>
<empty>
LIST: [key = materials, val = 1]
<empty>
<empty>
<empty>
<empty>
<empty>
<empty>
<empty>
<empty>
<empty>
<empty>
<empty>
<empty>
LIST: [key = recognizing, val = 1]
<empty>
<empty>
<empty>
<empty>
<empty>
<empty>
<empty>
<empty>
LIST: [key = allan, val = 1]
<empty>
<empty>
LIST: [key = replacing, val = 1]
<empty>
<empty>
<empty>
<empty>
<empty>
<empty>
<empty>
LIST: [key = puncheons, val = 1]
<empty>
<empty>
<empty>
<empty>
<empty>
<empty>
<empty>
LIST: [key = fortunato-although, val = 1]
<empty>
LIST: [key = dull, val = 1]
<empty>
<empty>
LIST: [key = supports, val = 1]
<empty>
<empty>
<empty>
<empty>
<empty>
<empty>
<empty>
<empty>
<empty>
<empty>
<empty>
<empty>
<empty>
<empty>
<empty>
<empty>
<empty>
<empty>
<empty>
<empty>
<empty>
LIST: [key = ill, val = 1]
<empty>
<empty>
<empty>
<empty>
<empty>
<empty>
<empty>
<empty>
<empty>
<empty>
<empty>
<empty>
<empty>
LIST: [key = until, val = 1]
<empty>
LIST: [key = edgar, val = 1]
<empty>
<empty>
<empty>
<empty>
<empty>
<empty>
<empty>
<empty>
<empty>
<empty>
<empty>
<empty>
<empty>
<empty>
<empty>
<empty>
<empty>
<empty>
<empty>
LIST: [key = familiarly, val = 1]
<empty>
<empty>
<empty>
<empty>
<empty>
<empty>
<empty>
<empty>
LIST: [key = insufferably, val = 1]
<empty>
LIST: [key = struggled, val = 1]
<empty>
<empty>
<empty>
<empty>
LIST: [key = perceived, val = 1]
<empty>
<empty>
<empty>
<empty>
<empty>
<empty>
<empty>
<empty>
LIST: [key = drawing, val = 1], [key = key, val = 1]
<empty>
<empty>
<empty>
<empty>
<empty>
<empty>
<empty>
<empty>
<empty>
<empty>
<empty>
<empty>
<empty>
<empty>
<empty>
<empty>
<empty>
<empty>
<empty>
<empty>
<empty>
<empty>
<empty>
<empty>
<empty>
<empty>
<empty>
<empty>
<empty>
<empty>
<empty>
<empty>
<empty>
<empty>
<empty>
<empty>
<empty>
<empty>
LIST: [key = forced, val = 1]
<empty>
<empty>
<empty>
LIST: [key = below, val = 1]
<empty>
<empty>
<empty>
<empty>
<empty>
<empty>
<empty>
LIST: [key = am, val = 1]
<empty>
<empty>
<empty>
<empty>
LIST: [key = cold, val = 1]
<empty>
LIST: [key = other, val = 1]
<empty>
<empty>
<empty>
<empty>
<empty>
<empty>
<empty>
<empty>
<empty>
<empty>
LIST: [key = within, val = 1]
<empty>
<empty>
<empty>
<empty>
<empty>
<empty>
<empty>
<empty>
<empty>
<empty>
LIST: [key = roof, val = 1]
<empty>
<empty>
<empty>
<empty>
<empty>
<empty>
LIST: [key = sixth, val = 1]
<empty>
<empty>
<empty>
<empty>
<empty>
LIST: [key = on, val = 1]
<empty>
<empty>
<empty>
<empty>
<empty>
<empty>
<empty>
<empty>
<empty>
<empty>
<empty>
<empty>
<empty>
<empty>
<empty>
<empty>
<empty>
<empty>
<empty>
<empty>
<empty>
<empty>
<empty>
<empty>
LIST: [key = been, val = 1]
<empty>
<empty>
<empty>
<empty>
<empty>
<empty>
LIST: [key = mortal, val = 1]
LIST: [key = remains, val = 1], [key = size, val = 1]
<empty>
<empty>
<empty>
<empty>
<empty>
<empty>
<empty>
<empty>
<empty>
<empty>
<empty>
<empty>
<empty>
LIST: [key = ornamented, val = 1]
LIST: [key = many, val = 1]
<empty>
<empty>
<empty>
<empty>
<empty>
<empty>
<empty>
<empty>
<empty>
<empty>
<empty>
<empty>
<empty>
<empty>
<empty>
<empty>
<empty>
<empty>
<empty>
<empty>
<empty>
<empty>
<empty>
<empty>
<empty>
<empty>
<empty>
<empty>
<empty>
<empty>
<empty>
<empty>
<empty>
<empty>
<empty>
<empty>
<empty>
<empty>
<empty>
<empty>
<empty>
<empty>
<empty>
<empty>
<empty>
<empty>
<empty>
<empty>
<empty>
<empty>
<empty>
LIST: [key = gleams, val = 1]
<empty>
<empty>
<empty>
LIST: [key = fettered, val = 1]
<empty>
LIST: [key = finding, val = 1]
<empty>
<empty>
<empty>
<empty>
<empty>
<empty>
<empty>
LIST: [key = astonishment, val = 1]
<empty>
<empty>
<empty>
<empty>
<empty>
<empty>
<empty>
<empty>
<empty>
<empty>
<empty>
<empty>
<empty>
LIST: [key = came, val = 1]
<empty>
<empty>
<empty>
<empty>
<empty>
<empty>
<empty>
<empty>
<empty>
<empty>
<empty>
<empty>
<empty>
<empty>
<empty>
<empty>
<empty>
<empty>
<empty>
<empty>
<empty>
<empty>
<empty>
<empty>
<empty>
<empty>
<empty>
<empty>
<empty>
<empty>
<empty>
<empty>
<empty>
LIST: [key = wall, val = 1]
<empty>
LIST: [key = eleventh, val = 1]
<empty>
<empty>
<empty>
<empty>
<empty>
<empty>
<empty>
<empty>
<empty>
<empty>
<empty>
<empty>
<empty>
<empty>
<empty>
<empty>
<empty>
LIST: [key = wont, val = 1]
<empty>
<empty>
<empty>
<empty>
LIST: [key = still, val = 1]
<empty>
<empty>
<empty>
<empty>
<empty>
<empty>
<empty>
<empty>
<empty>
<empty>
<empty>
<empty>
<empty>
<empty>
<empty>
<empty>
<empty>
<empty>
<empty>
<empty>
<empty>
LIST: [key = impose, val = 1]
<empty>
<empty>
<empty>
<empty>
<empty>
<empty>
LIST: [key = holding, val = 1]
<empty>
<empty>
LIST: [key = requiescat, val = 1]
<empty>
<empty>
<empty>
<empty>
<empty>
<empty>
<empty>
<empty>
<empty>
<empty>
<empty>
LIST: [key = ninth, val = 1]
<empty>
<empty>
<empty>
<empty>
<empty>
<empty>
<empty>
<empty>
LIST: [key = tool, val = 1]
LIST: [key = motley, val = 1], [key = flambeaux, val = 1]
<empty>
<empty>
<empty>
<empty>
<empty>
<empty>
<empty>
<empty>
<empty>
<empty>
<empty>
<empty>
<empty>
<empty>
<empty>
<empty>
<empty>
<empty>
<empty>
<empty>
<empty>
<empty>
<empty>
<empty>
<empty>
<empty>
<empty>
<empty>
<empty>
<empty>
<empty>
LIST: [key = row, val = 1]
<empty>
<empty>
<empty>
<empty>
<empty>
<empty>
<empty>
<empty>
<empty>
LIST: [key = requesting, val = 1]
<empty>
<empty>
<empty>
<empty>
<empty>
<empty>
<empty>
<empty>
<empty>
<empty>
<empty>
<empty>
<empty>
<empty>
<empty>
LIST: [key = responsible, val = 1]
<empty>
<empty>
LIST: [key = much, val = 1]
<empty>
<empty>
<empty>
<empty>
<empty>
LIST: [key = led, val = 1]
<empty>
<empty>
LIST: [key = himself, val = 1]
<empty>
<empty>
<empty>
<empty>
<empty>
<empty>
<empty>
LIST: [key = and, val = 1]
<empty>
<empty>
<empty>
<empty>
<empty>
<empty>
<empty>
<empty>
<empty>
<empty>
<empty>
<empty>
<empty>
<empty>
<empty>
<empty>
<empty>
LIST: [key = than, val = 1]
<empty>
<empty>
<empty>
<empty>
<empty>
<empty>
<empty>
<empty>
<empty>
<empty>
<empty>
<empty>
<empty>
<empty>
<empty>
<empty>
<empty>
LIST: [key = hearkened, val = 1]
<empty>
<empty>
<empty>
<empty>
<empty>
<empty>
<empty>
<empty>
<empty>
<empty>
<empty>
<empty>
<empty>
<empty>
<empty>
<empty>
<empty>
<empty>
<empty>
<empty>
<empty>
<empty>
<empty>
<empty>
LIST: [key = mere, val = 1]
<empty>
<empty>
<empty>
<empty>
<empty>
<empty>
<empty>
<empty>
<empty>
<empty>
<empty>
<empty>
<empty>
<empty>
<empty>
<empty>
<empty>
<empty>
<empty>
<empty>
<empty>
<empty>
<empty>
<empty>
<empty>
<empty>
<empty>
<empty>
<empty>
LIST: [key = foot, val = 1]
<empty>
<empty>
<empty>
<empty>
<empty>
<empty>
<empty>
<empty>
LIST: [key = satisfaction, val = 1]
<empty>
<empty>
<empty>
<empty>
<empty>
<empty>
<empty>
LIST: [key = we, val = 1]
<empty>
<empty>
<empty>
<empty>
LIST: [key = punish, val = 1]
<empty>
<empty>
<empty>
<empty>
<empty>
<empty>
<empty>
<empty>
<empty>
<empty>
<empty>
<empty>
<empty>
<empty>
LIST: [key = home, val = 1]
<empty>
LIST: [key = however, val = 1]
LIST: [key = piled, val = 1]
<empty>
LIST: [key = die, val = 1]
<empty>
<empty>
<empty>
<empty>
<empty>
<empty>
<empty>
<empty>
<empty>
<empty>
<empty>
<empty>
LIST: [key = respected, val = 1]
<empty>
<empty>
<empty>
<empty>
<empty>
<empty>
<empty>
<empty>
<empty>
<empty>
<empty>
LIST: [key = now, val = 1]
LIST: [key = some, val = 1]
<empty>
<empty>
<empty>
<empty>
<empty>
<empty>
<empty>
<empty>
<empty>
<empty>
<empty>
<empty>
<empty>
LIST: [key = excessive, val = 1]
<empty>
<empty>
<empty>
<empty>
<empty>
<empty>
<empty>
<empty>
<empty>
<empty>
<empty>
<empty>
<empty>
<empty>
<empty>
<empty>
LIST: [key = drew, val = 1]
LIST: [key = six, val = 1]
<empty>
<empty>
<empty>
<empty>
<empty>
<empty>
<empty>
<empty>
<empty>
<empty>
<empty>
<empty>
<empty>
<empty>
<empty>
<empty>
<empty>
<empty>
<empty>
<empty>
<empty>
LIST: [key = loud, val = 1]
<empty>
LIST: [key = gave, val = 1]
<empty>
<empty>
<empty>
<empty>
<empty>
<empty>
<empty>
<empty>
<empty>
<empty>
LIST: [key = dampness, val = 1]
<empty>
<empty>
<empty>
<empty>
<empty>
<empty>
<empty>
LIST: [key = exclaimed, val = 1]
<empty>
<empty>
<empty>
<empty>
<empty>
<empty>
<empty>
<empty>
<empty>
LIST: [key = followed, val = 1]
<empty>
<empty>
<empty>
<empty>
<empty>
<empty>
<empty>
<empty>
<empty>
LIST: [key = gesticulation, val = 1]
<empty>
<empty>
<empty>
<empty>
<empty>
<empty>
<empty>
<empty>
<empty>
<empty>
<empty>
<empty>
<empty>
<empty>
<empty>
<empty>
<empty>
<empty>
<empty>
<empty>
<empty>
<empty>
<empty>
<empty>
<empty>
<empty>
<empty>
<empty>
<empty>
<empty>
LIST: [key = sign, val = 1]
<empty>
<empty>
<empty>
<empty>
<empty>
<empty>
<empty>
<empty>
<empty>
<empty>
<empty>
<empty>
<empty>
<empty>
<empty>
<empty>
<empty>
<empty>
<empty>
<empty>
<empty>
<empty>
<empty>
<empty>
<empty>
<empty>
<empty>
<empty>
<empty>
<empty>
<empty>
<empty>
<empty>
<empty>
<empty>
<empty>
<empty>
<empty>
<empty>
<empty>
<empty>
<empty>
<empty>
<empty>
<empty>
<empty>
<empty>
<empty>
<empty>
<empty>
<empty>
<empty>
<empty>
<empty>
<empty>
<empty>
LIST: [key = would, val = 1]
<empty>
<empty>
<empty>
LIST: [key = task, val = 1]
<empty>
<empty>
LIST: [key = do, val = 1]
<empty>
<empty>
<empty>
<empty>
<empty>
<empty>
<empty>
<empty>
<empty>
LIST: [key = staircase, val = 1]
<empty>
<empty>
<empty>
<empty>
<empty>
<empty>
<empty>
<empty>
<empty>
<empty>
LIST: [key = height, val = 1]
<empty>
<empty>
LIST: [key = neck, val = 1]
<empty>
<empty>
<empty>
<empty>
<empty>
<empty>
<empty>
<empty>
<empty>
LIST: [key = heart, val = 1]
<empty>
<empty>
<empty>
<empty>
<empty>
<empty>
<empty>
LIST: [key = succession, val = 1]
<empty>
<empty>
<empty>
<empty>
<empty>
<empty>
<empty>
<empty>
<empty>
<empty>
<empty>
LIST: [key = archway, val = 1]
LIST: [key = resist, val = 1]
<empty>
<empty>
<empty>
<empty>
<empty>
<empty>
<empty>
<empty>
<empty>
<empty>
<empty>
<empty>
<empty>
<empty>
<empty>
<empty>
<empty>
<empty>
<empty>
<empty>
<empty>
<empty>
<empty>
<empty>
<empty>
LIST: [key = fancy, val = 1]
<empty>
<empty>
<empty>
<empty>
<empty>
<empty>
<empty>
<empty>
<empty>
<empty>
<empty>
LIST: [key = felt, val = 1]
<empty>
<empty>
<empty>
<empty>
<empty>
LIST: [key = warmth, val = 1]
LIST: [key = them, val = 1]
<empty>
<empty>
<empty>
<empty>
<empty>
<empty>
<empty>
<empty>
<empty>
<empty>
<empty>
<empty>
<empty>
LIST: [key = several, val = 1]
<empty>
<empty>
<empty>
<empty>
LIST: [key = two, val = 1]
<empty>
<empty>
<empty>
<empty>
<empty>
<empty>
<empty>
<empty>
<empty>
<empty>
<empty>
<empty>
<empty>
<empty>
<empty>
<empty>
<empty>
<empty>
<empty>
<empty>
<empty>
<empty>
<empty>
<empty>
<empty>
<empty>
LIST: [key = de, val = 1]
<empty>
<empty>
<empty>
<empty>
<empty>
<empty>
<empty>
<empty>
<empty>
<empty>
<empty>
<empty>
<empty>
<empty>
<empty>
<empty>
<empty>
<empty>
<empty>
<empty>
<empty>
<empty>
<empty>
LIST: [key = gone, val = 1]
<empty>
<empty>
<empty>
<empty>
<empty>
<empty>
<empty>
<empty>
<empty>
<empty>
<empty>
<empty>
<empty>
<empty>
<empty>
<empty>
LIST: [key = skilful, val = 1]
<empty>
<empty>
<empty>
<empty>
<empty>
<empty>
<empty>
<empty>
<empty>
<empty>
<empty>
LIST: [key = farther, val = 1]
<empty>
LIST: [key = out, val = 1]
<empty>
<empty>
<empty>
<empty>
LIST: [key = fearful, val = 1]
<empty>
<empty>
<empty>
<empty>
<empty>
<empty>
<empty>
<empty>
<empty>
<empty>
<empty>
<empty>
<empty>
<empty>
<empty>
LIST: [key = fortunato, val = 1]
<empty>
<empty>
<empty>
<empty>
<empty>
<empty>
<empty>
<empty>
<empty>
<empty>
<empty>
<empty>
<empty>
<empty>
<empty>
<empty>
<empty>
<empty>
<empty>
<empty>
<empty>
<empty>
<empty>
<empty>
<empty>
<empty>
<empty>
<empty>
<empty>
LIST: [key = point-this, val = 1]
<empty>
<empty>
<empty>
<empty>
<empty>
LIST: [key = tenth, val = 1]
<empty>
<empty>
<empty>
<empty>
<empty>
<empty>
<empty>
<empty>
<empty>
<empty>
<empty>
<empty>
<empty>
<empty>
LIST: [key = flacon, val = 1]
LIST: [key = their, val = 1]
<empty>
<empty>
<empty>
LIST: [key = among, val = 1]
<empty>
<empty>
<empty>
<empty>
<empty>
<empty>
LIST: [key = wore, val = 1]
<empty>
<empty>
<empty>
<empty>
<empty>
<empty>
<empty>
<empty>
<empty>
<empty>
<empty>
<empty>
<empty>
<empty>
<empty>
<empty>
LIST: [key = building, val = 1]
<empty>
LIST: [key = resolved, val = 1]
<empty>
<empty>
<empty>
<empty>
<empty>
<empty>
<empty>
<empty>
<empty>
<empty>
LIST: [key = bewildered, val = 1]
<empty>
<empty>
<empty>
<empty>
<empty>
<empty>
<empty>
<empty>
<empty>
<empty>
<empty>
<empty>
<empty>
<empty>
<empty>
<empty>
<empty>
<empty>
<empty>
<empty>
LIST: [key = huge, val = 1]
<empty>
<empty>
<empty>
<empty>
<empty>
<empty>
<empty>
<empty>
<empty>
<empty>
<empty>
<empty>
<empty>
<empty>
<empty>
<empty>
<empty>
<empty>
<empty>
<empty>
<empty>
<empty>
<empty>
<empty>
<empty>
<empty>
<empty>
<empty>
<empty>
<empty>
<empty>
<empty>
<empty>
<empty>
<empty>
<empty>
<empty>
<empty>
<empty>
<empty>
<empty>
<empty>
<empty>
<empty>
<empty>
<empty>
<empty>
<empty>
LIST: [key = immediately, val = 1]
<empty>
<empty>
<empty>
<empty>
<empty>
<empty>
<empty>
<empty>
<empty>
<empty>
<empty>
<empty>
<empty>
<empty>
LIST: [key = eighth, val = 1]
<empty>
<empty>
<empty>
<empty>
<empty>
<empty>
<empty>
<empty>
<empty>
<empty>
<empty>
LIST: [key = formed, val = 1]
LIST: [key = should, val = 1], [key = cautious, val = 1]
<empty>
<empty>
<empty>
<empty>
LIST: [key = again, val = 1]
<empty>
<empty>
<empty>
<empty>
<empty>
<empty>
<empty>
<empty>
<empty>
<empty>
<empty>
<empty>
<empty>
<empty>
<empty>
<empty>
<empty>
<empty>
<empty>
LIST: [key = which, val = 1]
<empty>
LIST: [key = indeed, val = 1]
<empty>
<empty>
<empty>
<empty>
<empty>
<empty>
<empty>
<empty>
<empty>
<empty>
<empty>
<empty>
<empty>
<empty>
<empty>
<empty>
<empty>
<empty>
<empty>
<empty>
<empty>
<empty>
<empty>
<empty>
LIST: [key = heels, val = 1]
<empty>
<empty>
<empty>
<empty>
<empty>
<empty>
<empty>
<empty>
<empty>
LIST: [key = presenting, val = 1]
<empty>
<empty>
<empty>
<empty>
<empty>
<empty>
<empty>
<empty>
<empty>
<empty>
<empty>
<empty>
<empty>
<empty>
<empty>
<empty>
<empty>
<empty>
<empty>
<empty>
<empty>
<empty>
<empty>
<empty>
<empty>
LIST: [key = utterance, val = 1]
<empty>
<empty>
<empty>
<empty>
<empty>
<empty>
<empty>
<empty>
<empty>
LIST: [key = moisture, val = 1]
<empty>
<empty>
<empty>
<empty>
<empty>
<empty>
<empty>
<empty>
<empty>
<empty>
<empty>
<empty>
<empty>
<empty>
LIST: [key = use, val = 1]
<empty>
<empty>
<empty>
<empty>
LIST: [key = ground, val = 1]
<empty>
<empty>
LIST: [key = speaking, val = 1]
<empty>
<empty>
<empty>
<empty>
<empty>
<empty>
<empty>
<empty>
<empty>
<empty>
<empty>
<empty>
<empty>
<empty>
<empty>
<empty>
<empty>
<empty>
<empty>
<empty>
<empty>
<empty>
<empty>
<empty>
<empty>
LIST: [key = by, val = 1]
<empty>
<empty>
<empty>
<empty>
<empty>
<empty>
<empty>
<empty>
<empty>
<empty>
<empty>
<empty>
<empty>
<empty>
<empty>
<empty>
<empty>
<empty>
<empty>
LIST: [key = passes, val = 1]
<empty>
<empty>
<empty>
<empty>
<empty>
<empty>
<empty>
<empty>
<empty>
<empty>
<empty>
<empty>
<empty>
<empty>
LIST: [key = re-erected, val = 1]
<empty>
<empty>
<empty>
<empty>
<empty>
<empty>
<empty>
<empty>
<empty>
<empty>
<empty>
<empty>
<empty>
<empty>
<empty>
<empty>
<empty>
<empty>
<empty>
<empty>
<empty>
<empty>
<empty>
<empty>
<empty>
<empty>
<empty>
<empty>
<empty>
<empty>
<empty>
<empty>
<empty>
<empty>
<empty>
<empty>
<empty>
LIST: [key = horizontally, val = 1]
<empty>
<empty>
<empty>
<empty>
<empty>
LIST: [key = positively, val = 1]
<empty>
<empty>
<empty>
<empty>
<empty>
<empty>
<empty>
<empty>
<empty>
<empty>
<empty>
<empty>
<empty>
<empty>
<empty>
LIST: [key = reached, val = 1]
<empty>
LIST: [key = enthusiasm, val = 1]
<empty>
<empty>
<empty>
<empty>
<empty>
<empty>
<empty>
<empty>
LIST: [key = grew, val = 1]
<empty>
<empty>
<empty>
LIST: [key = long, val = 1]
<empty>
<empty>
<empty>
LIST: [key = form, val = 1]
<empty>
<empty>
<empty>
<empty>
<empty>
LIST: [key = way, val = 1]
<empty>
<empty>
<empty>
<empty>
<empty>
<empty>
<empty>
LIST: [key = nearly, val = 1]
<empty>
<empty>
<empty>
<empty>
<empty>
<empty>
<empty>
<empty>
<empty>
<empty>
<empty>
<empty>
<empty>
<empty>
<empty>
<empty>
<empty>
<empty>
<empty>
<empty>
<empty>
<empty>
<empty>
<empty>
<empty>
<empty>
<empty>
<empty>
<empty>
<empty>
<empty>
<empty>
<empty>
<empty>
<empty>
<empty>
<empty>
<empty>
<empty>
<empty>
LIST: [key = during, val = 1]
<empty>
<empty>
<empty>
<empty>
LIST: [key = told, val = 1]
<empty>
<empty>
<empty>
<empty>
<empty>
<empty>
LIST: [key = defend, val = 1]
<empty>
<empty>
LIST: [key = width, val = 1]
<empty>
<empty>
<empty>
<empty>
<empty>
<empty>
LIST: [key = enough, val = 1]
<empty>
<empty>
<empty>
<empty>
<empty>
<empty>
<empty>
<empty>
<empty>
<empty>
<empty>
<empty>
<empty>
<empty>
<empty>
<empty>
<empty>
<empty>
<empty>
<empty>
LIST: [key = severe, val = 1], [key = moaning, val = 1]
<empty>
LIST: [key = century, val = 1]
<empty>
<empty>
<empty>
<empty>
<empty>
<empty>
LIST: [key = be, val = 1]
<empty>
<empty>
LIST: [key = true, val = 1]
<empty>
<empty>
LIST: [key = remote, val = 1]
<empty>
<empty>
<empty>
<empty>
<empty>
<empty>
<empty>
<empty>
<empty>
<empty>
<empty>
<empty>
<empty>
<empty>
<empty>
<empty>
<empty>
<empty>
<empty>
<empty>
<empty>
<empty>
<empty>
<empty>
<empty>
<empty>
<empty>
<empty>
<empty>
<empty>
<empty>
<empty>
<empty>
<empty>
<empty>
LIST: [key = rather, val = 1]
<empty>
<empty>
<empty>
<empty>
<empty>
<empty>
<empty>
<empty>
<empty>
<empty>
<empty>
<empty>
LIST: [key = search, val = 1]
<empty>
<empty>
<empty>
<empty>
<empty>
<empty>
<empty>
<empty>
<empty>
<empty>
<empty>
<empty>
<empty>
<empty>
<empty>
<empty>
<empty>
<empty>
<empty>
<empty>
<empty>
LIST: [key = comprehend, val = 1]
<empty>
<empty>
<empty>
<empty>
<empty>
<empty>
<empty>
<empty>
LIST: [key = surface, val = 1]
<empty>
<empty>
<empty>
<empty>
<empty>
<empty>
<empty>
<empty>
<empty>
<empty>
<empty>
<empty>
<empty>
<empty>
<empty>
<empty>
<empty>
<empty>
LIST: [key = never, val = 1]
<empty>
<empty>
<empty>
<empty>
<empty>
<empty>
<empty>
<empty>
<empty>
<empty>
LIST: [key = aside, val = 1]
<empty>
<empty>
<empty>
<empty>
<empty>
<empty>
<empty>
<empty>
<empty>
<empty>
<empty>
<empty>
<empty>
<empty>
<empty>
<empty>
<empty>
<empty>
<empty>
<empty>
<empty>
<empty>
<empty>
<empty>
<empty>
<empty>
<empty>
<empty>
<empty>
<empty>
<empty>
<empty>
<empty>
<empty>
<empty>
<empty>
<empty>
<empty>
<empty>
<empty>
<empty>
<empty>
<empty>
<empty>
<empty>
<empty>
<empty>
LIST: [key = finished, val = 1]
<empty>
<empty>
<empty>
<empty>
<empty>
<empty>
<empty>
<empty>
<empty>
<empty>
<empty>
<empty>
<empty>
LIST: [key = palazzo-he, val = 1]
<empty>
<empty>
<empty>
<empty>
<empty>
<empty>
<empty>
<empty>
<empty>
<empty>
<empty>
<empty>
<empty>
<empty>
<empty>
<empty>
<empty>
<empty>
<empty>
<empty>
<empty>
<empty>
<empty>
<empty>
<empty>
<empty>
<empty>
<empty>
<empty>
<empty>
<empty>
<empty>
<empty>
<empty>
<empty>
<empty>
<empty>
<empty>
<empty>
<empty>
<empty>
<empty>
<empty>
<empty>
<empty>
<empty>
<empty>
<empty>
<empty>
<empty>
<empty>
<empty>
LIST: [key = no, val = 1]
<empty>
<empty>
<empty>
<empty>
<empty>
<empty>
<empty>
<empty>
<empty>
<empty>
<empty>
<empty>
<empty>
<empty>
<empty>
<empty>
<empty>
<empty>
<empty>
<empty>
LIST: [key = deed, val = 1]
<empty>
<empty>
<empty>
<empty>
<empty>
<empty>
<empty>
<empty>
<empty>
<empty>
<empty>
<empty>
LIST: [key = happy, val = 1]
<empty>
LIST: [key = close, val = 1]
<empty>
<empty>
<empty>
<empty>
<empty>
<empty>
<empty>
<empty>
<empty>
<empty>
LIST: [key = but, val = 1]
<empty>
<empty>
<empty>
<empty>
<empty>
<empty>
<empty>
<empty>
<empty>
<empty>
<empty>
<empty>
<empty>
<empty>
<empty>
<empty>
<empty>
LIST: [key = differ, val = 1]
<empty>
LIST: [key = before, val = 1]
<empty>
<empty>
<empty>
<empty>
<empty>
<empty>
<empty>
<empty>
<empty>
<empty>
<empty>
<empty>
<empty>
<empty>
<empty>
<empty>
<empty>
<empty>
LIST: [key = taste, val = 1]
<empty>
<empty>
<empty>
<empty>
<empty>
<empty>
<empty>
<empty>
<empty>
<empty>
<empty>
LIST: [key = render, val = 1]
<empty>
<empty>
<empty>
<empty>
<empty>
<empty>
<empty>
<empty>
<empty>
<empty>
<empty>
LIST: [key = remaining, val = 1]
<empty>
<empty>
<empty>
<empty>
<empty>
<empty>
<empty>
<empty>
<empty>
<empty>
<empty>
<empty>
<empty>
<empty>
<empty>
<empty>
<empty>
<empty>
<empty>
LIST: [key = revenge, val = 1]
<empty>
<empty>
<empty>
<empty>
<empty>
<empty>
<empty>
<empty>
<empty>
<empty>
<empty>
<empty>
<empty>
<empty>
<empty>
<empty>
<empty>
<empty>
<empty>
<empty>
LIST: [key = iron, val = 1]
<empty>
<empty>
<empty>
<empty>
<empty>
<empty>
<empty>
<empty>
<empty>
<empty>
<empty>
<empty>
<empty>
<empty>
<empty>
<empty>
<empty>
<empty>
LIST: [key = me, val = 1]
LIST: [key = hearken, val = 1]
<empty>
LIST: [key = disturbed, val = 1]
<empty>
<empty>
<empty>
<empty>
LIST: [key = excellent, val = 1]
<empty>
<empty>
<empty>
<empty>
<empty>
<empty>
<empty>
<empty>
<empty>
<empty>
<empty>
<empty>
<empty>
<empty>
LIST: [key = he!-a, val = 1]
LIST: [key = less, val = 1]
<empty>
<empty>
<empty>
<empty>
<empty>
<empty>
<empty>
<empty>
<empty>
<empty>
<empty>
<empty>
<empty>
<empty>
<empty>
<empty>
<empty>
<empty>
<empty>
<empty>
<empty>
<empty>
<empty>
LIST: [key = insure, val = 1]
<empty>
<empty>
<empty>
<empty>
<empty>
<empty>
<empty>
<empty>
<empty>
<empty>
<empty>
<empty>
<empty>
<empty>
<empty>
<empty>
<empty>
<empty>
<empty>
<empty>
<empty>
<empty>
<empty>
<empty>
<empty>
<empty>
<empty>
<empty>
<empty>
<empty>
<empty>
<empty>
LIST: [key = depended, val = 1]
LIST: [key = threat, val = 1]
<empty>
<empty>
<empty>
<empty>
<empty>
<empty>
<empty>
<empty>
<empty>
<empty>
<empty>
<empty>
<empty>
LIST: [key = regards, val = 1]
<empty>
<empty>
<empty>
<empty>
<empty>
<empty>
LIST: [key = tight-fitting, val = 1]
<empty>
<empty>
<empty>
<empty>
LIST: [key = seven, val = 1]
<empty>
<empty>
<empty>
<empty>
<empty>
<empty>
<empty>
<empty>
<empty>
<empty>
<empty>
<empty>
<empty>
<empty>
<empty>
<empty>
<empty>
<empty>
<empty>
<empty>
<empty>
<empty>
<empty>
<empty>
<empty>
<empty>
<empty>
<empty>
<empty>
<empty>
<empty>
<empty>
<empty>
<empty>
<empty>
<empty>
LIST: [key = vain, val = 1]
<empty>
<empty>
<empty>
LIST: [key = stepped, val = 1]
<empty>
<empty>
<empty>
<empty>
<empty>
<empty>
<empty>
<empty>
<empty>
<empty>
<empty>
<empty>
<empty>
<empty>
<empty>
<empty>
<empty>
<empty>
<empty>
<empty>
<empty>
<empty>
<empty>
<empty>
<empty>
<empty>
<empty>
<empty>
<empty>
<empty>
<empty>
<empty>
<empty>
<empty>
<empty>
<empty>
<empty>
<empty>
LIST: [key = painting, val = 1]
<empty>
<empty>
<empty>
<empty>
<empty>
<empty>
<empty>
<empty>
<empty>
<empty>
<empty>
<empty>
<empty>
<empty>
<empty>
<empty>
<empty>
<empty>
<empty>
<empty>
LIST: [key = british, val = 1]
<empty>
<empty>
LIST: [key = ejaculated, val = 1]
<empty>
<empty>
<empty>
<empty>
<empty>
<empty>
<empty>
<empty>
<empty>
<empty>
<empty>
<empty>
<empty>
<empty>
<empty>
<empty>
<empty>
<empty>
LIST: [key = turn, val = 1]
<empty>
<empty>
<empty>
<empty>
<empty>
<empty>
<empty>
<empty>
<empty>
<empty>
<empty>
<empty>
<empty>
<empty>
<empty>
<empty>
<empty>
<empty>
<empty>
<empty>
LIST: [key = us, val = 1]
<empty>
<empty>
<empty>
<empty>
<empty>
<empty>
<empty>
<empty>
<empty>
<empty>
<empty>
<empty>
<empty>
<empty>
<empty>
<empty>
<empty>
<empty>
<empty>
<empty>
<empty>
<empty>
<empty>
<empty>
<empty>
<empty>
<empty>
<empty>
<empty>
<empty>
<empty>
<empty>
<empty>
<empty>
<empty>
<empty>
<empty>
LIST: [key = partially, val = 1]
<empty>
<empty>
<empty>
<empty>
<empty>
<empty>
LIST: [key = ugh, val = 1]
<empty>
<empty>
<empty>
<empty>
<empty>
<empty>
<empty>
<empty>
<empty>
<empty>
<empty>
<empty>
<empty>
<empty>
<empty>
<empty>
<empty>
<empty>
<empty>
<empty>
<empty>
<empty>
<empty>
<empty>
<empty>
<empty>
<empty>
<empty>
<empty>
<empty>
LIST: [key = river's, val = 1]
<empty>
LIST: [key = implore, val = 1]
<empty>
<empty>
<empty>
<empty>
<empty>
<empty>
<empty>
<empty>
<empty>
<empty>
<empty>
<empty>
<empty>
<empty>
<empty>
<empty>
<empty>
<empty>
<empty>
<empty>
<empty>
LIST: [key = connoisseurship, val = 1]
<empty>
<empty>
<empty>
<empty>
<empty>
<empty>
<empty>
<empty>
<empty>
<empty>
LIST: [key = laugh, val = 1]
<empty>
<empty>
<empty>
<empty>
<empty>
<empty>
<empty>
<empty>
<empty>
LIST: [key = volume, val = 1]
<empty>
<empty>
<empty>
LIST: [key = reapproached, val = 1]
<empty>
<empty>
<empty>
LIST: [key = between, val = 1]
<empty>
<empty>
LIST: [key = pipe, val = 1]
<empty>
<empty>
<empty>
<empty>
<empty>
<empty>
<empty>
<empty>
<empty>
<empty>
<empty>
<empty>
<empty>
<empty>
<empty>
<empty>
<empty>
<empty>
<empty>
<empty>
<empty>
<empty>
<empty>
<empty>
<empty>
<empty>
<empty>
<empty>
<empty>
<empty>
LIST: [key = luckily, val = 1]
<empty>
<empty>
<empty>
<empty>
<empty>
<empty>
<empty>
<empty>
LIST: [key = good, val = 1]
<empty>
<empty>
<empty>
LIST: [key = spoken, val = 1]
<empty>
<empty>
<empty>
<empty>
<empty>
<empty>
<empty>
<empty>
<empty>
<empty>
<empty>
<empty>
<empty>
<empty>
<empty>
<empty>
<empty>
<empty>
<empty>
<empty>
<empty>
<empty>
<empty>
<empty>
<empty>
<empty>
<empty>
LIST: [key = quack, val = 1]
<empty>
LIST: [key = clamoured, val = 1]
<empty>
<empty>
LIST: [key = forming, val = 1]
<empty>
<empty>
<empty>
<empty>
<empty>
<empty>
<empty>
<empty>
<empty>
<empty>
<empty>
<empty>
<empty>
<empty>
<empty>
<empty>
<empty>
<empty>
LIST: [key = pay, val = 1]
<empty>
<empty>
<empty>
<empty>
<empty>
<empty>
<empty>
<empty>
<empty>
<empty>
<empty>
<empty>
<empty>
<empty>
<empty>
<empty>
LIST: [key = padlock, val = 1]
<empty>
<empty>
<empty>
<empty>
<empty>
<empty>
<empty>
<empty>
<empty>
LIST: [key = minutes, val = 1]
<empty>
<empty>
<empty>
<empty>
<empty>
<empty>
<empty>
<empty>
<empty>
<empty>
<empty>
<empty>
<empty>
<empty>
<empty>
<empty>
<empty>
<empty>
<empty>
<empty>
<empty>
<empty>
<empty>
<empty>
<empty>
<empty>
<empty>
<empty>
<empty>
<empty>
<empty>
<empty>
LIST: [key = late, val = 1]
<empty>
<empty>
<empty>
<empty>
<empty>
<empty>
<empty>
<empty>
<empty>
<empty>
<empty>
<empty>
<empty>
<empty>
<empty>
<empty>
<empty>
<empty>
<empty>
<empty>
<empty>
<empty>
LIST: [key = subsided, val = 1]
<empty>
<empty>
LIST: [key = succeeded, val = 1]
<empty>
<empty>
<empty>
<empty>
<empty>
<empty>
<empty>
LIST: [key = motto, val = 1]
<empty>
<empty>
<empty>
<empty>
LIST: [key = sparkled, val = 1]
<empty>
<empty>
<empty>
<empty>
<empty>
<empty>
<empty>
<empty>
<empty>
<empty>
<empty>
<empty>
<empty>
<empty>
<empty>
<empty>
<empty>
<empty>
<empty>
<empty>
<empty>
<empty>
<empty>
LIST: [key = against, val = 1]
<empty>
<empty>
<empty>
<empty>
LIST: [key = answered, val = 1]
<empty>
<empty>
<empty>
<empty>
<empty>
<empty>
<empty>
<empty>
<empty>
<empty>
<empty>
<empty>
<empty>
<empty>
<empty>
<empty>
<empty>
<empty>
<empty>
<empty>
<empty>
<empty>
<empty>
<empty>
<empty>
<empty>
<empty>
<empty>
<empty>
<empty>
<empty>
<empty>
<empty>
<empty>
<empty>
<empty>
<empty>
<empty>
LIST: [key = intention, val = 1]
<empty>
<empty>
<empty>
<empty>
<empty>
<empty>
<empty>
<empty>
<empty>
<empty>
<empty>
<empty>
<empty>
<empty>
<empty>
<empty>
<empty>
<empty>
<empty>
<empty>
<empty>
<empty>
<empty>
<empty>
<empty>
<empty>
<empty>
<empty>
<empty>
<empty>
<empty>
<empty>
<empty>
<empty>
<empty>
<empty>
<empty>
LIST: [key = engagement, val = 1]
<empty>
<empty>
<empty>
<empty>
<empty>
<empty>
<empty>
<empty>
<empty>
<empty>
<empty>
<empty>
<empty>
<empty>
<empty>
<empty>
<empty>
<empty>
<empty>
<empty>
<empty>
<empty>
<empty>
<empty>
<empty>
<empty>
<empty>
<empty>
<empty>
<empty>
<empty>
<empty>
<empty>
<empty>
<empty>
<empty>
<empty>
<empty>
<empty>
LIST: [key = your, val = 1]
<empty>
<empty>
<empty>
<empty>
<empty>
LIST: [key = another, val = 1]
<empty>
<empty>
<empty>
<empty>
<empty>
<empty>
<empty>
<empty>
<empty>
<empty>
<empty>
<empty>
<empty>
<empty>
<empty>
<empty>
<empty>
<empty>
<empty>
<empty>
<empty>
<empty>
<empty>
<empty>
<empty>
<empty>
<empty>
<empty>
<empty>
LIST: [key = interior, val = 1]
<empty>
<empty>
LIST: [key = him, val = 1]
LIST: [key = dress, val = 1]
<empty>
<empty>
LIST: [key = figure, val = 1]
<empty>
<empty>
<empty>
<empty>
<empty>
<empty>
<empty>
<empty>
<empty>
<empty>
<empty>
<empty>
<empty>
<empty>
<empty>
<empty>
LIST: [key = tier, val = 1]
<empty>
LIST: [key = palazzo, val = 1]
<empty>
<empty>
<empty>
<empty>
<empty>
<empty>
<empty>
<empty>
<empty>
<empty>
<empty>
<empty>
<empty>
<empty>
<empty>
<empty>
<empty>
<empty>
<empty>
<empty>
<empty>
<empty>
<empty>
<empty>
<empty>
<empty>
<empty>
<empty>
<empty>
<empty>
LIST: [key = virtuoso, val = 1]
<empty>
<empty>
<empty>
<empty>
<empty>
<empty>
<empty>
<empty>
<empty>
<empty>
<empty>
<empty>
<empty>
<empty>
<empty>
<empty>
<empty>
<empty>
<empty>
<empty>
<empty>
<empty>
<empty>
<empty>
LIST: [key = accosted, val = 1], [key = engaged, val = 1]
<empty>
<empty>
<empty>
LIST: [key = hairs, val = 1]
<empty>
<empty>
<empty>
<empty>
<empty>
<empty>
<empty>
<empty>
<empty>
<empty>
<empty>
<empty>
<empty>
LIST: [key = voice, val = 1]
<empty>
<empty>
LIST: [key = emptied, val = 1]
<empty>
<empty>
<empty>
<empty>
<empty>
<empty>
<empty>
<empty>
<empty>
<empty>
<empty>
<empty>
<empty>
<empty>
<empty>
<empty>
<empty>
<empty>
<empty>
<empty>
<empty>
<empty>
<empty>
<empty>
<empty>
<empty>
LIST: [key = worn, val = 1]
<empty>
<empty>
<empty>
<empty>
<empty>
<empty>
<empty>
<empty>
LIST: [key = bold, val = 1]
LIST: [key = distinguish, val = 1]
<empty>
LIST: [key = bells, val = 1]
<empty>
<empty>
<empty>
<empty>
<empty>
LIST: [key = rock, val = 1]
<empty>
<empty>
<empty>
<empty>
<empty>
<empty>
<empty>
<empty>
<empty>
<empty>
<empty>
LIST: [key = continued, val = 1]
<empty>
<empty>
<empty>
<empty>
LIST: [key = bottle, val = 1]
<empty>
<empty>
<empty>
<empty>
<empty>
<empty>
<empty>
<empty>
<empty>
<empty>
<empty>
<empty>
<empty>
<empty>
<empty>
<empty>
<empty>
<empty>
<empty>
<empty>
LIST: [key = immolation, val = 1]
<empty>
<empty>
<empty>
<empty>
<empty>
<empty>
<empty>
<empty>
<empty>
<empty>
<empty>
<empty>
<empty>
<empty>
<empty>
<empty>
<empty>
<empty>
<empty>
<empty>
<empty>
<empty>
<empty>
LIST: [key = repeated, val = 1]
<empty>
<empty>
<empty>
<empty>
<empty>
<empty>
<empty>
<empty>
<empty>
<empty>
<empty>
<empty>
LIST: [key = nevertheless, val = 1], [key = sides, val = 1]
<empty>
<empty>
<empty>
<empty>
<empty>
<empty>
<empty>
<empty>
LIST: [key = leave, val = 1]
<empty>
<empty>
LIST: [key = sherry, val = 1]
<empty>
<empty>
<empty>
<empty>
<empty>
<empty>
<empty>
<empty>
<empty>
<empty>
<empty>
<empty>
<empty>
<empty>
<empty>
<empty>
<empty>
<empty>
<empty>
<empty>
<empty>
<empty>
<empty>
LIST: [key = own, val = 1]
<empty>
<empty>
<empty>
LIST: [key = indeed-an, val = 1]
<empty>
<empty>
<empty>
LIST: [key = hand, val = 1]
<empty>
<empty>
<empty>
<empty>
<empty>
<empty>
LIST: [key = rampart, val = 1]
<empty>
<empty>
<empty>
<empty>
<empty>
<empty>
<empty>
<empty>
<empty>
<empty>
<empty>
<empty>
<empty>
LIST: [key = cloak, val = 1]
<empty>
<empty>
<empty>
<empty>
<empty>
<empty>
<empty>
<empty>
<empty>
<empty>
<empty>
<empty>
<empty>
LIST: [key = wine, val = 1]
<empty>
<empty>
<empty>
<empty>
<empty>
<empty>
<empty>
<empty>
<empty>
<empty>
<empty>
<empty>
<empty>
<empty>
<empty>
<empty>
<empty>
<empty>
<empty>
<empty>
<empty>
<empty>
LIST: [key = masons, val = 1]
<empty>
<empty>
<empty>
<empty>
<empty>
<empty>
<empty>
<empty>
<empty>
<empty>
<empty>
<empty>
<empty>
<empty>
<empty>
<empty>
<empty>
LIST: [key = pass, val = 1]
<empty>
<empty>
<empty>
<empty>
<empty>
<empty>
<empty>
<empty>
<empty>
<empty>
<empty>
<empty>
<empty>
<empty>
<empty>
<empty>
<empty>
<empty>
<empty>
<empty>
<empty>
<empty>
<empty>
LIST: [key = little, val = 1]
<empty>
<empty>
<empty>
<empty>
<empty>
<empty>
<empty>
<empty>
<empty>
<empty>
<empty>
<empty>
<empty>
<empty>
<empty>
<empty>
<empty>
<empty>
<empty>
<empty>
<empty>
<empty>
<empty>
<empty>
<empty>
<empty>
LIST: [key = it, val = 1]
<empty>
<empty>
<empty>
<empty>
<empty>
<empty>
<empty>
<empty>
<empty>
<empty>
<empty>
<empty>
<empty>
<empty>
<empty>
<empty>
<empty>
<empty>
<empty>
<empty>
<empty>
<empty>
<empty>
<empty>
<empty>
<empty>
<empty>
<empty>
<empty>
<empty>
<empty>
<empty>
<empty>
LIST: [key = will, val = 1]
<empty>
<empty>
<empty>
<empty>
<empty>
LIST: [key = he!-over, val = 1]
<empty>
<empty>
LIST: [key = difficulty, val = 1]
<empty>
<empty>
LIST: [key = flashed, val = 1]
<empty>
<empty>
<empty>
<empty>
<empty>
<empty>
<empty>
LIST: [key = wines, val = 1]
<empty>
<empty>
<empty>
<empty>
<empty>
<empty>
<empty>
<empty>
LIST: [key = rout, val = 1]
<empty>
<empty>
<empty>
<empty>
<empty>
<empty>
LIST: [key = constructed, val = 1]
<empty>
<empty>
<empty>
<empty>
<empty>
LIST: [key = getting, val = 1]
<empty>
<empty>
<empty>
<empty>
<empty>
<empty>
<empty>
<empty>
<empty>
<empty>
<empty>
<empty>
LIST: [key = jingling, val = 1]
LIST: [key = raised, val = 1]
<empty>
<empty>
<empty>
<empty>
<empty>
<empty>
<empty>
<empty>
<empty>
<empty>
<empty>
<empty>
<empty>
<empty>
<empty>
<empty>
<empty>
<empty>
<empty>
<empty>
<empty>
<empty>
<empty>
<empty>
<empty>
<empty>
LIST: [key = stupidly, val = 1], [key = obstinate, val = 1]
<empty>
<empty>
<empty>
<empty>
<empty>
<empty>
<empty>
<empty>
<empty>
<empty>
<empty>
<empty>
<empty>
<empty>
<empty>
<empty>
<empty>
<empty>
<empty>
<empty>
<empty>
<empty>
<empty>
LIST: [key = disappearance, val = 1]
<empty>
<empty>
<empty>
LIST: [key = indication, val = 1]
LIST: [key = any, val = 1], [key = brief, val = 1]
<empty>
LIST: [key = extensive, val = 1]
<empty>
LIST: [key = filmy, val = 1]
<empty>
LIST: [key = depth, val = 1], [key = sad, val = 1]
<empty>
<empty>
<empty>
<empty>
<empty>
<empty>
<empty>
<empty>
<empty>
<empty>
<empty>
<empty>
<empty>
<empty>
<empty>
<empty>
<empty>
LIST: [key = from, val = 1]
<empty>
<empty>
<empty>
<empty>
<empty>
<empty>
<empty>
<empty>
<empty>
LIST: [key = looked, val = 1]
<empty>
<empty>
<empty>
<empty>
<empty>
<empty>
<empty>
<empty>
<empty>
<empty>
<empty>
<empty>
<empty>
LIST: [key = threw, val = 1]
<empty>
<empty>
<empty>
<empty>
<empty>
<empty>
LIST: [key = azure, val = 1]
<empty>
<empty>
<empty>
<empty>
<empty>
<empty>
<empty>
<empty>
<empty>
<empty>
<empty>
<empty>
<empty>
<empty>
<empty>
<empty>
<empty>
<empty>
<empty>
<empty>
<empty>
<empty>
<empty>
<empty>
<empty>
<empty>
<empty>
LIST: [key = old, val = 1]
<empty>
<empty>
<empty>
<empty>
<empty>
<empty>
<empty>
<empty>
<empty>
<empty>
<empty>
<empty>
<empty>
<empty>
<empty>
<empty>
<empty>
LIST: [key = putting, val = 1]
<empty>
LIST: [key = rays, val = 1]
<empty>
LIST: [key = while, val = 1]
<empty>
<empty>
<empty>
<empty>
<empty>
<empty>
<empty>
<empty>
<empty>
<empty>
<empty>
<empty>
<empty>
<empty>
<empty>
<empty>
LIST: [key = nodded, val = 1]
LIST: [key = displacing, val = 1]
<empty>
<empty>
<empty>
<empty>
<empty>
<empty>
<empty>
<empty>
LIST: [key = wrong, val = 1]
<empty>
<empty>
<empty>
<empty>
<empty>
<empty>
LIST: [key = shall, val = 1]
<empty>
<empty>
<empty>
<empty>
<empty>
<empty>
<empty>
<empty>
<empty>
LIST: [key = had, val = 1]
<empty>
<empty>
<empty>
<empty>
<empty>
<empty>
<empty>
<empty>
<empty>
<empty>
LIST: [key = then, val = 1]
<empty>
<empty>
<empty>
<empty>
<empty>
<empty>
<empty>
<empty>
<empty>
<empty>
<empty>
<empty>
<empty>
<empty>
<empty>
<empty>
<empty>
<empty>
<empty>
<empty>
<empty>
<empty>
<empty>
<empty>
<empty>
LIST: [key = clanking, val = 1]
<empty>
<empty>
<empty>
<empty>
<empty>
<empty>
<empty>
LIST: [key = mason-work, val = 1]
<empty>
<empty>
<empty>
<empty>
<empty>
<empty>
<empty>
<empty>
<empty>
<empty>
<empty>
<empty>
<empty>
<empty>
<empty>
<empty>
<empty>
<empty>
LIST: [key = surpassed, val = 1]
<empty>
<empty>
<empty>
<empty>
<empty>
<empty>
<empty>
<empty>
<empty>
<empty>
<empty>
<empty>
LIST: [key = family, val = 1]
<empty>
<empty>
<empty>
<empty>
<empty>
<empty>
<empty>
<empty>
<empty>
<empty>
<empty>
<empty>
<empty>
<empty>
<empty>
<empty>
<empty>
<empty>
<empty>
<empty>
<empty>
<empty>
<empty>
<empty>
<empty>
<empty>
<empty>
<empty>
<empty>
<empty>
LIST: [key = work, val = 1]
<empty>
<empty>
<empty>
<empty>
<empty>
<empty>
<empty>
<empty>
<empty>
<empty>
<empty>
<empty>
<empty>
LIST: [key = point, val = 1]
<empty>
<empty>
<empty>
<empty>
<empty>
<empty>
<empty>
LIST: [key = erected, val = 1]
<empty>
<empty>
<empty>
<empty>
<empty>
LIST: [key = reechoed, val = 1]
<empty>
<empty>
<empty>
<empty>
<empty>
<empty>
<empty>
<empty>
<empty>
<empty>
<empty>
<empty>
<empty>
<empty>
<empty>
<empty>
<empty>
<empty>
<empty>
<empty>
<empty>
<empty>
<empty>
<empty>
<empty>
<empty>
<empty>
<empty>
<empty>
<empty>
<empty>
<empty>
<empty>
<empty>
<empty>
<empty>
<empty>
<empty>
<empty>
<empty>
<empty>
<empty>
<empty>
<empty>
<empty>
<empty>
<empty>
LIST: [key = distant, val = 1]
<empty>
<empty>
<empty>
<empty>
<empty>
<empty>
<empty>
<empty>
<empty>
<empty>
<empty>
<empty>
LIST: [key = especial, val = 1]
<empty>
LIST: [key = yet, val = 1]
<empty>
<empty>
<empty>
<empty>
<empty>
<empty>
<empty>
<empty>
<empty>
<empty>
<empty>
<empty>
<empty>
<empty>
<empty>
<empty>
<empty>
<empty>
<empty>
<empty>
<empty>
<empty>
<empty>
LIST: [key = these, val = 1]
<empty>
<empty>
<empty>
<empty>
<empty>
<empty>
<empty>
<empty>
<empty>
LIST: [key = repose, val = 1]
LIST: [key = god, val = 1]
<empty>
<empty>
<empty>
<empty>
<empty>
<empty>
<empty>
<empty>
<empty>
<empty>
<empty>
<empty>
<empty>
<empty>
<empty>
LIST: [key = feeble, val = 1]
<empty>
<empty>
<empty>
<empty>
<empty>
<empty>
<empty>
LIST: [key = extremity, val = 1]
<empty>
<empty>
<empty>
<empty>
<empty>
<empty>
<empty>
<empty>
<empty>
<empty>
<empty>
LIST: [key = were, val = 1]
<empty>
<empty>
<empty>
<empty>
<empty>
<empty>
<empty>
<empty>
<empty>
<empty>
<empty>
<empty>
<empty>
<empty>
<empty>
<empty>
<empty>
<empty>
<empty>
<empty>
<empty>
<empty>
<empty>
<empty>
<empty>
<empty>
<empty>
<empty>
<empty>
LIST: [key = into, val = 1]
<empty>
<empty>
<empty>
<empty>
<empty>
<empty>
<empty>
<empty>
<empty>
<empty>
<empty>
<empty>
<empty>
<empty>
<empty>
<empty>
<empty>
<empty>
<empty>
<empty>
<empty>
LIST: [key = there, val = 1]
<empty>
<empty>
<empty>
<empty>
<empty>
<empty>
<empty>
<empty>
<empty>
<empty>
<empty>
<empty>
<empty>
<empty>
<empty>
<empty>
<empty>
<empty>
<empty>
<empty>
<empty>
<empty>
<empty>
<empty>
<empty>
<empty>
<empty>
<empty>
<empty>
<empty>
<empty>
<empty>
<empty>
<empty>
<empty>
<empty>
<empty>
<empty>
<empty>
<empty>
<empty>
<empty>
<empty>
<empty>
<empty>
<empty>
<empty>
<empty>
<empty>
LIST: [key = attendants, val = 1]
<empty>
<empty>
<empty>
<empty>
<empty>
<empty>
<empty>
<empty>
<empty>
<empty>
<empty>
<empty>
<empty>
<empty>
<empty>
<empty>
<empty>
<empty>
<empty>
<empty>
<empty>
<empty>
LIST: [key = light, val = 1]
<empty>
<empty>
<empty>
<empty>
<empty>
<empty>
<empty>
<empty>
<empty>
<empty>
<empty>
<empty>
<empty>
<empty>
<empty>
<empty>
<empty>
<empty>
<empty>
<empty>
<empty>
<empty>
<empty>
<empty>
<empty>
<empty>
<empty>
<empty>
<empty>
<empty>
<empty>
<empty>
<empty>
<empty>
<empty>
<empty>
<empty>
<empty>
<empty>
<empty>
<empty>
LIST: [key = numerous, val = 1]
<empty>
<empty>
<empty>
<empty>
<empty>
<empty>
<empty>
<empty>
<empty>
<empty>
<empty>
<empty>
<empty>
<empty>
<empty>
<empty>
<empty>
<empty>
<empty>
<empty>
<empty>
<empty>
<empty>
<empty>
<empty>
<empty>
<empty>
<empty>
<empty>
<empty>
<empty>
<empty>
LIST: [key = ventured, val = 1]
<empty>
<empty>
LIST: [key = nor, val = 1]
<empty>
<empty>
<empty>
LIST: [key = jingled, val = 1]
<empty>
<empty>
<empty>
<empty>
<empty>
<empty>
<empty>
LIST: [key = silence, val = 1]
<empty>
<empty>
<empty>
<empty>
<empty>
<empty>
<empty>
<empty>
<empty>
<empty>
LIST: [key = vaults, val = 1]
LIST: [key = new, val = 1]
<empty>
<empty>
<empty>
<empty>
<empty>
<empty>
<empty>
<empty>
<empty>
<empty>
<empty>
<empty>
<empty>
<empty>
<empty>
<empty>
<empty>
<empty>
<empty>
<empty>
<empty>
<empty>
<empty>
<empty>
<empty>
<empty>
LIST: [key = person, val = 1], [key = reassured, val = 1]
<empty>
<empty>
<empty>
<empty>
<empty>
<empty>
<empty>
<empty>
<empty>
<empty>
<empty>
LIST: [key = itself, val = 1]
<empty>
<empty>
<empty>
<empty>
<empty>
<empty>
<empty>
<empty>
<empty>
<empty>
<empty>
<empty>
<empty>
<empty>
<empty>
<empty>
<empty>
<empty>
<empty>
<empty>
<empty>
LIST: [key = definitiveness, val = 1]
<empty>
<empty>
<empty>
<empty>
<empty>
<empty>
<empty>
<empty>
<empty>
<empty>
<empty>
<empty>
<empty>
<empty>
<empty>
<empty>
<empty>
<empty>
LIST: [key = decision, val = 1]
LIST: [key = passed, val = 1]
LIST: [key = words, val = 1]
LIST: [key = that, val = 1]
<empty>
<empty>
<empty>
<empty>
<empty>
LIST: [key = bowed, val = 1]
<empty>
<empty>
LIST: [key = quantity, val = 1]
<empty>
<empty>
<empty>
<empty>
<empty>
<empty>
<empty>
<empty>
LIST: [key = pry, val = 1]
<empty>
<empty>
<empty>
<empty>
<empty>
<empty>
<empty>
<empty>
<empty>
<empty>
<empty>
<empty>
LIST: [key = he!-yes, val = 1]
<empty>
<empty>
<empty>
<empty>
<empty>
<empty>
<empty>
<empty>
<empty>
<empty>
<empty>
<empty>
<empty>
<empty>
LIST: [key = such, val = 1]
<empty>
<empty>
<empty>
LIST: [key = how, val = 1]
<empty>
LIST: [key = vibration, val = 1]
LIST: [key = have, val = 1]
<empty>
<empty>
LIST: [key = vault, val = 1]
<empty>
LIST: [key = cry, val = 1]
LIST: [key = poor, val = 1]
<empty>
<empty>
<empty>
<empty>
<empty>
<empty>
<empty>
<empty>
LIST: [key = come, val = 1]
<empty>
<empty>
<empty>
<empty>
<empty>
<empty>
<empty>
<empty>
<empty>
<empty>
<empty>
LIST: [key = answer, val = 1]
<empty>
LIST: [key = breath, val = 1]
<empty>
LIST: [key = hastened, val = 1]
<empty>
<empty>
LIST: [key = vigorously, val = 1]
<empty>
LIST: [key = fashion, val = 1]
<empty>
<empty>
<empty>
<empty>
<empty>
<empty>
<empty>
<empty>
<empty>
<empty>
<empty>
<empty>
<empty>
<empty>
<empty>
<empty>
<empty>
<empty>
<empty>
<empty>
LIST: [key = sincere, val = 1]
<empty>
<empty>
<empty>
<empty>
<empty>
<empty>
<empty>
<empty>
<empty>
<empty>
<empty>
LIST: [key = entrance, val = 1]
LIST: [key = drunken, val = 1]
<empty>
<empty>
<empty>
<empty>
<empty>
<empty>
<empty>
<empty>
<empty>
<empty>
<empty>
<empty>
LIST: [key = broke, val = 1]
<empty>
<empty>
<empty>
<empty>
<empty>
<empty>
<empty>
LIST: [key = lacessit, val = 1]
<empty>
<empty>
<empty>
<empty>
<empty>
<empty>
<empty>
LIST: [key = is, val = 1]
<empty>
<empty>
<empty>
<empty>
<empty>
<empty>
<empty>
<empty>
LIST: [key = labour, val = 1]
LIST: [key = could, val = 1]
<empty>
<empty>
<empty>
<empty>
<empty>
<empty>
<empty>
<empty>
<empty>
<empty>
<empty>
<empty>
<empty>
<empty>
<empty>
<empty>
LIST: [key = best, val = 1]
<empty>
<empty>
<empty>
<empty>
<empty>
<empty>
<empty>
<empty>
<empty>
<empty>
<empty>
<empty>
<empty>
<empty>
<empty>
<empty>
<empty>
<empty>
<empty>
<empty>
<empty>
<empty>
<empty>
<empty>
<empty>
<empty>
<empty>
<empty>
<empty>
<empty>
<empty>
<empty>
LIST: [key = upwards, val = 1]
<empty>
<empty>
<empty>
<empty>
<empty>
<empty>
<empty>
<empty>
<empty>
<empty>
<empty>
<empty>
<empty>
<empty>
<empty>
<empty>
<empty>
LIST: [key = exposed, val = 1]
LIST: [key = recovered, val = 1]
<empty>
<empty>
<empty>
<empty>
LIST: [key = evening, val = 1]
LIST: [key = like, val = 1]
<empty>
<empty>
<empty>
<empty>
<empty>
<empty>
<empty>
<empty>
<empty>
<empty>
<empty>
<empty>
<empty>
<empty>
<empty>
<empty>
<empty>
<empty>
<empty>
<empty>
<empty>
<empty>
LIST: [key = arm, val = 1]
LIST: [key = towards, val = 1]
<empty>
<empty>
<empty>
<empty>
<empty>
<empty>
<empty>
<empty>
<empty>
<empty>
<empty>
<empty>
<empty>
<empty>
<empty>
<empty>
<empty>
<empty>
<empty>
<empty>
<empty>
<empty>
<empty>
<empty>
<empty>
<empty>
<empty>
<empty>
<empty>
LIST: [key = myself, val = 1], [key = shrill, val = 1]
<empty>
<empty>
<empty>
<empty>
<empty>
<empty>
<empty>
<empty>
<empty>
<empty>
<empty>
<empty>
<empty>
<empty>
<empty>
<empty>
LIST: [key = too, val = 1]
<empty>
<empty>
<empty>
<empty>
LIST: [key = match, val = 1]
LIST: [key = in, val = 1]
<empty>
<empty>
<empty>
<empty>
<empty>
<empty>
<empty>
<empty>
<empty>
<empty>
<empty>
<empty>
<empty>
LIST: [key = silk, val = 1]
<empty>
<empty>
<empty>
<empty>
<empty>
<empty>
<empty>
<empty>
<empty>
<empty>
<empty>
<empty>
<empty>
<empty>
LIST: [key = termination, val = 1]
<empty>
<empty>
<empty>
<empty>
<empty>
<empty>
<empty>
<empty>
<empty>
<empty>
<empty>
<empty>
LIST: [key = cavern, val = 1]
<empty>
<empty>
LIST: [key = imposture, val = 1]
<empty>
<empty>
<empty>
<empty>
<empty>
<empty>
<empty>
<empty>
<empty>
<empty>
<empty>
<empty>
<empty>
<empty>
<empty>
<empty>
<empty>
LIST: [key = suffered, val = 1]
<empty>
<empty>
<empty>
LIST: [key = withdrawing, val = 1]
<empty>
<empty>
<empty>
<empty>
<empty>
<empty>
<empty>
<empty>
<empty>
<empty>
<empty>
<empty>
<empty>
<empty>
<empty>
<empty>
<empty>
<empty>
<empty>
<empty>
<empty>
<empty>
<empty>
<empty>
<empty>
<empty>
<empty>
<empty>
<empty>
<empty>
<empty>
<empty>
<empty>
<empty>
<empty>
<empty>
<empty>
<empty>
<empty>
LIST: [key = house, val = 1]
<empty>
<empty>
<empty>
<empty>
<empty>
<empty>
<empty>
<empty>
<empty>
<empty>
<empty>
<empty>
<empty>
<empty>
<empty>
<empty>
<empty>
<empty>
<empty>
<empty>
<empty>
<empty>
<empty>
<empty>
<empty>
<empty>
<empty>
<empty>
<empty>
<empty>
<empty>
<empty>
<empty>
<empty>
<empty>
<empty>
<empty>
LIST: [key = matter, val = 1]
LIST: [key = looking, val = 1]
<empty>
<empty>
<empty>
<empty>
<empty>
<empty>
<empty>
<empty>
LIST: [key = losing, val = 1]
<empty>
<empty>
LIST: [key = avenged, val = 1]
<empty>
<empty>
<empty>
<empty>
<empty>
<empty>
<empty>
<empty>
<empty>
<empty>
<empty>
<empty>
<empty>
<empty>
<empty>
<empty>
<empty>
<empty>
<empty>
<empty>
<empty>
<empty>
<empty>
<empty>
<empty>
<empty>
LIST: [key = leer, val = 1]
<empty>
<empty>
<empty>
<empty>
<empty>
<empty>
LIST: [key = forward, val = 1]
LIST: [key = equally, val = 1]
<empty>
<empty>
<empty>
<empty>
<empty>
<empty>
<empty>
<empty>
LIST: [key = overtakes, val = 1]
<empty>
<empty>
LIST: [key = man, val = 1]
<empty>
<empty>
<empty>
<empty>
<empty>
LIST: [key = last, val = 1]
<empty>
<empty>
<empty>
<empty>
LIST: [key = web-work, val = 1]
<empty>
<empty>
<empty>
<empty>
<empty>
<empty>
<empty>
<empty>
<empty>
<empty>
<empty>
<empty>
<empty>
<empty>
<empty>
<empty>
<empty>
<empty>
<empty>
<empty>
<empty>
<empty>
<empty>
<empty>
<empty>
<empty>
<empty>
LIST: [key = mortar, val = 1]
<empty>
<empty>
<empty>
<empty>
<empty>
<empty>
LIST: [key = paused, val = 1]
<empty>
<empty>
<empty>
<empty>
<empty>
<empty>
<empty>
LIST: [key = masonry, val = 1], [key = noble, val = 1]
<empty>
<empty>
<empty>
<empty>
<empty>
<empty>
LIST: [key = him-``my, val = 1]
<empty>
<empty>
<empty>
<empty>
<empty>
<empty>
LIST: [key = rampant, val = 1]
<empty>
<empty>
<empty>
<empty>
<empty>
<empty>
<empty>
<empty>
LIST: [key = i, val = 1]
<empty>
<empty>
<empty>
LIST: [key = arrested, val = 1]
<empty>
<empty>
<empty>
<empty>
<empty>
<empty>
<empty>
<empty>
<empty>
<empty>
<empty>
LIST: [key = attentions, val = 1]
<empty>
<empty>
<empty>
LIST: [key = fall, val = 1]
<empty>
<empty>
<empty>
<empty>
<empty>
LIST: [key = third, val = 1]
<empty>
<empty>
<empty>
<empty>
LIST: [key = seize, val = 1]
<empty>
<empty>
<empty>
<empty>
<empty>
<empty>
<empty>
<empty>
<empty>
<empty>
<empty>
LIST: [key = ere, val = 1]
<empty>
<empty>
<empty>
<empty>
<empty>
<empty>
<empty>
<empty>
<empty>
<empty>
<empty>
<empty>
<empty>
<empty>
<empty>
<empty>
<empty>
<empty>
<empty>
<empty>
<empty>
<empty>
<empty>
LIST: [key = recess, val = 1]
<empty>
<empty>
LIST: [key = love, val = 1]
<empty>
<empty>
<empty>
<empty>
<empty>
<empty>
<empty>
<empty>
<empty>
<empty>
<empty>
<empty>
<empty>
<empty>
LIST: [key = sconces, val = 1]
<empty>
<empty>
<empty>
<empty>
<empty>
<empty>
LIST: [key = idea, val = 1]
<empty>
<empty>
<empty>
<empty>
<empty>
<empty>
<empty>
<empty>
<empty>
<empty>
<empty>
<empty>
<empty>
<empty>
<empty>
LIST: [key = scarcely, val = 1]
<empty>
<empty>
<empty>
<empty>
<empty>
<empty>
<empty>
<empty>
<empty>
<empty>
<empty>
<empty>
<empty>
<empty>
<empty>
<empty>
<empty>
<empty>
<empty>
<empty>
<empty>
<empty>
<empty>
<empty>
<empty>
<empty>
<empty>
<empty>
<empty>
<empty>
<empty>
<empty>
LIST: [key = rooms, val = 1]
<empty>
<empty>
LIST: [key = spirit, val = 1]
<empty>
<empty>
<empty>
<empty>
<empty>
<empty>
<empty>
<empty>
<empty>
<empty>
<empty>
<empty>
LIST: [key = critical, val = 1]
LIST: [key = each, val = 1]
<empty>
LIST: [key = nemo, val = 1]
<empty>
<empty>
<empty>
LIST: [key = unsteady, val = 1]
<empty>
<empty>
<empty>
<empty>
<empty>
<empty>
<empty>
<empty>
<empty>
<empty>
<empty>
<empty>
<empty>
<empty>
<empty>
<empty>
<empty>
<empty>
<empty>
<empty>
<empty>
<empty>
<empty>
<empty>
<empty>
<empty>
<empty>
<empty>
<empty>
<empty>
LIST: [key = awaiting, val = 1]
<empty>
<empty>
<empty>
<empty>
<empty>
<empty>
<empty>
<empty>
<empty>
<empty>
<empty>
<empty>
<empty>
LIST: [key = beneath, val = 1]
<empty>
<empty>
<empty>
<empty>
<empty>
<empty>
<empty>
<empty>
<empty>
<empty>
<empty>
<empty>
<empty>
<empty>
<empty>
<empty>
<empty>
<empty>
<empty>
<empty>
<empty>
<empty>
<empty>
<empty>
LIST: [key = insult, val = 1]
<empty>
<empty>
<empty>
<empty>
<empty>
<empty>
<empty>
<empty>
<empty>
<empty>
<empty>
<empty>
<empty>
<empty>
<empty>
<empty>
<empty>
<empty>
<empty>
<empty>
<empty>
<empty>
<empty>
<empty>
<empty>
<empty>
<empty>
<empty>
<empty>
<empty>
<empty>
<empty>
<empty>
<empty>
<empty>
<empty>
<empty>
<empty>
<empty>
LIST: [key = its, val = 1]
<empty>
<empty>
<empty>
<empty>
<empty>
<empty>
<empty>
<empty>
<empty>
<empty>
<empty>
<empty>
LIST: [key = closely, val = 1]
<empty>
<empty>
<empty>
<empty>
<empty>
<empty>
<empty>
<empty>
LIST: [key = uncovered, val = 1]
<empty>
<empty>
<empty>
<empty>
<empty>
<empty>
<empty>
<empty>
<empty>
<empty>
<empty>
<empty>
<empty>
<empty>
<empty>
LIST: [key = granite, val = 1]
<empty>
<empty>
<empty>
<empty>
<empty>
<empty>
<empty>
<empty>
<empty>
<empty>
<empty>
LIST: [key = definitively, val = 1]
<empty>
<empty>
<empty>
<empty>
<empty>
<empty>
<empty>
<empty>
<empty>
<empty>
<empty>
<empty>
<empty>
<empty>
<empty>
<empty>
<empty>
<empty>
<empty>
<empty>
<empty>
<empty>
<empty>
<empty>
<empty>
<empty>
<empty>
LIST: [key = received, val = 1]
<empty>
LIST: [key = at, val = 1]
LIST: [key = up, val = 1]
<empty>
<empty>
<empty>
<empty>
<empty>
<empty>
<empty>
<empty>
<empty>
<empty>
LIST: [key = discovered, val = 1]
<empty>
<empty>
<empty>
<empty>
<empty>
<empty>
<empty>
<empty>
<empty>
<empty>
LIST: [key = fellows, val = 1]
<empty>
<empty>
LIST: [key = thousand, val = 1]
<empty>
<empty>
<empty>
<empty>
<empty>
<empty>
<empty>
<empty>
<empty>
LIST: [key = mason, val = 1]
<empty>
<empty>
<empty>
<empty>
<empty>
<empty>
<empty>
<empty>
<empty>
<empty>
<empty>
<empty>
<empty>
LIST: [key = four, val = 1]
<empty>
<empty>
<empty>
<empty>
<empty>
<empty>
<empty>
<empty>
<empty>
<empty>
<empty>
<empty>
<empty>
<empty>
<empty>
<empty>
<empty>
<empty>
<empty>
<empty>
<empty>
<empty>
<empty>
<empty>
<empty>
<empty>
<empty>
<empty>
<empty>
<empty>
<empty>
<empty>
<empty>
<empty>
<empty>
<empty>
<empty>
<empty>
<empty>
<empty>
<empty>
<empty>
<empty>
<empty>
LIST: [key = about, val = 1]
<empty>
<empty>
<empty>
<empty>
<empty>
<empty>
<empty>
<empty>
<empty>
LIST: [key = paris, val = 1]
<empty>
<empty>
<empty>
<empty>
<empty>
<empty>
<empty>
<empty>
<empty>
<empty>
<empty>
LIST: [key = wringing, val = 1]
<empty>
<empty>
<empty>
<empty>
<empty>
<empty>
<empty>
<empty>
<empty>
<empty>
<empty>
<empty>
LIST: [key = doubts, val = 1]
<empty>
<empty>
<empty>
<empty>
LIST: [key = grave, val = 1]
<empty>
<empty>
<empty>
<empty>
LIST: [key = trembled, val = 1]
<empty>
<empty>
<empty>
<empty>
<empty>
LIST: [key = dusk, val = 1]
<empty>
<empty>
<empty>
<empty>
<empty>
<empty>
<empty>
<empty>
<empty>
<empty>
<empty>
<empty>
<empty>
<empty>
<empty>
<empty>
<empty>
<empty>
<empty>
<empty>
<empty>
<empty>
<empty>
<empty>
<empty>
<empty>
<empty>
<empty>
<empty>
<empty>
<empty>
<empty>
<empty>
<empty>
<empty>
LIST: [key = satisfied, val = 1]
<empty>
<empty>
<empty>
<empty>
<empty>
<empty>
<empty>
<empty>
<empty>
LIST: [key = human, val = 1]
<empty>
<empty>
<empty>
<empty>
<empty>
<empty>
<empty>
<empty>
<empty>
<empty>
<empty>
<empty>
<empty>
<empty>
<empty>
LIST: [key = glow, val = 1]
<empty>
<empty>
<empty>
<empty>
<empty>
<empty>
<empty>
<empty>
<empty>
<empty>
LIST: [key = intoxication, val = 1]
<empty>
<empty>
<empty>
<empty>
<empty>
<empty>
<empty>
<empty>
<empty>
<empty>
LIST: [key = unsteadily, val = 1]
<empty>
<empty>
<empty>
<empty>
<empty>
<empty>
<empty>
<empty>
<empty>
<empty>
<empty>
<empty>
<empty>
<empty>
<empty>
<empty>
<empty>
<empty>
<empty>
<empty>
<empty>
<empty>
<empty>
<empty>
<empty>
<empty>
<empty>
<empty>
LIST: [key = caution, val = 1]
<empty>
<empty>
<empty>
<empty>
<empty>
<empty>
<empty>
LIST: [key = admired, val = 1]
<empty>
<empty>
<empty>
<empty>
<empty>
<empty>
<empty>
<empty>
LIST: [key = see, val = 1]
<empty>
<empty>
LIST: [key = hangs, val = 1]
<empty>
<empty>
<empty>
<empty>
<empty>
<empty>
<empty>
<empty>
<empty>
<empty>
<empty>
<empty>
<empty>
<empty>
<empty>
<empty>
<empty>
<empty>
<empty>
<empty>
<empty>
<empty>
<empty>
<empty>
<empty>
<empty>
<empty>
<empty>
<empty>
<empty>
<empty>
LIST: [key = aperture, val = 1]
<empty>
<empty>
<empty>
<empty>
<empty>
<empty>
<empty>
<empty>
<empty>
<empty>
<empty>
<empty>
<empty>
<empty>
LIST: [key = bed, val = 1]
<empty>
LIST: [key = replied, val = 1]
<empty>
<empty>
<empty>
<empty>
<empty>
<empty>
<empty>
<empty>
<empty>
<empty>
LIST: [key = surprise, val = 1]
<empty>
<empty>
<empty>
<empty>
<empty>
<empty>
LIST: [key = lasted, val = 1]
<empty>
<empty>
<empty>
LIST: [key = weight, val = 1]
<empty>
<empty>
<empty>
<empty>
LIST: [key = merely, val = 1]
<empty>
<empty>
<empty>
<empty>
<empty>
<empty>
<empty>
<empty>
<empty>
<empty>
<empty>
<empty>
<empty>
<empty>
LIST: [key = foulness, val = 1]
<empty>
<empty>
<empty>
LIST: [key = white, val = 1]
<empty>
<empty>
<empty>
<empty>
<empty>
<empty>
<empty>
LIST: [key = sat, val = 1]
<empty>
<empty>
<empty>
LIST: [key = breast, val = 1]
<empty>
<empty>
<empty>
<empty>
<empty>
<empty>
<empty>
<empty>
<empty>
<empty>
<empty>
<empty>
<empty>
<empty>
<empty>
<empty>
<empty>
<empty>
<empty>
<empty>
<empty>
<empty>
<empty>
<empty>
<empty>
<empty>
<empty>
<empty>
<empty>
<empty>
<empty>
<empty>
<empty>
<empty>
<empty>
<empty>
<empty>
<empty>
<empty>
<empty>
<empty>
<empty>
<empty>
<empty>
LIST: [key = materially;-i, val = 1]
<empty>
<empty>
<empty>
<empty>
<empty>
<empty>
<empty>
<empty>
<empty>
<empty>
<empty>
<empty>
<empty>
<empty>
<empty>
<empty>
<empty>
<empty>
<empty>
<empty>
<empty>
<empty>
<empty>
LIST: [key = soul, val = 1]
<empty>
<empty>
<empty>
<empty>
<empty>
<empty>
<empty>
<empty>
<empty>
<empty>
<empty>
<empty>
<empty>
<empty>
<empty>
<empty>
<empty>
<empty>
<empty>
<empty>
<empty>
<empty>
LIST: [key = crypt, val = 1]
<empty>
<empty>
<empty>
<empty>
LIST: [key = over, val = 1]
<empty>
LIST: [key = largely, val = 1]
<empty>
<empty>
LIST: [key = strength, val = 1]
LIST: [key = trickle, val = 1]
<empty>
<empty>
<empty>
<empty>
<empty>
<empty>
LIST: [key = who, val = 1]
<empty>
<empty>
<empty>
<empty>
<empty>
<empty>
<empty>
<empty>
<empty>
<empty>
<empty>
<empty>
<empty>
<empty>
<empty>
<empty>
LIST: [key = afflicted, val = 1]
<empty>
<empty>
<empty>
<empty>
<empty>
<empty>
<empty>
<empty>
<empty>
<empty>
<empty>
<empty>
<empty>
LIST: [key = gemmary, val = 1]
<empty>
<empty>
<empty>
<empty>
<empty>
LIST: [key = elbow, val = 1]
<empty>
<empty>
<empty>
<empty>
<empty>
<empty>
<empty>
<empty>
<empty>
<empty>
<empty>
<empty>
<empty>
<empty>
<empty>
<empty>
<empty>
<empty>
<empty>
<empty>
<empty>
<empty>
<empty>
<empty>
<empty>
LIST: [key = did, val = 1]
<empty>
<empty>
<empty>
<empty>
<empty>
<empty>
<empty>
<empty>
<empty>
<empty>
<empty>
<empty>
<empty>
<empty>
<empty>
<empty>
<empty>
<empty>
<empty>
<empty>
<empty>
<empty>
<empty>
<empty>
<empty>
<empty>
<empty>
<empty>
<empty>
<empty>
<empty>
<empty>
<empty>
LIST: [key = carnival, val = 1]
<empty>
<empty>
<empty>
<empty>
<empty>
<empty>
<empty>
LIST: [key = walls, val = 1]
<empty>
<empty>
<empty>
<empty>
<empty>
<empty>
<empty>
<empty>
<empty>
<empty>
<empty>
<empty>
<empty>
<empty>
<empty>
<empty>
<empty>
<empty>
LIST: [key = unredressed, val = 1]
<empty>
<empty>
<empty>
<empty>
<empty>
<empty>
<empty>
<empty>
<empty>
<empty>
<empty>
<empty>
<empty>
<empty>
<empty>
<empty>
<empty>
<empty>
<empty>
<empty>
<empty>
<empty>
<empty>
<empty>
<empty>
<empty>
<empty>
<empty>
<empty>
<empty>
LIST: [key = reply, val = 1]
<empty>
<empty>
<empty>
<empty>
<empty>
<empty>
<empty>
<empty>
<empty>
<empty>
<empty>
<empty>
<empty>
LIST: [key = yells, val = 1]
<empty>
<empty>
<empty>
<empty>
<empty>
<empty>
<empty>
<empty>
<empty>
<empty>
<empty>
<empty>
<empty>
<empty>
<empty>
<empty>
<empty>
<empty>
<empty>
<empty>
<empty>
<empty>
LIST: [key = palazzo-the, val = 1]
<empty>
<empty>
<empty>
LIST: [key = not, val = 1]
<empty>
<empty>
<empty>
<empty>
LIST: [key = to-day, val = 1]
<empty>
LIST: [key = fools, val = 1]
<empty>
<empty>
<empty>
<empty>
<empty>
<empty>
LIST: [key = opportunity, val = 1]
<empty>
<empty>
<empty>
<empty>
<empty>
<empty>
<empty>
<empty>
<empty>
<empty>
<empty>
LIST: [key = drops, val = 1], [key = promiscuously, val = 1]
<empty>
<empty>
<empty>
<empty>
<empty>
<empty>
<empty>
LIST: [key = lips, val = 1]
<empty>
<empty>
<empty>
<empty>
<empty>
<empty>
LIST: [key = furious, val = 1]
LIST: [key = feared, val = 1]
<empty>
<empty>
<empty>
<empty>
<empty>
<empty>
<empty>
<empty>
<empty>
<empty>
<empty>
<empty>
<empty>
<empty>
<empty>
LIST: [key = or, val = 1]
<empty>
<empty>
<empty>
<empty>
<empty>
<empty>
<empty>
<empty>
<empty>
<empty>
<empty>
<empty>
<empty>
<empty>
<empty>
LIST: [key = absconded, val = 1]
<empty>
<empty>
<empty>
<empty>
<empty>
<empty>
<empty>
<empty>
<empty>
<empty>
<empty>
<empty>
<empty>
<empty>
LIST: [key = whose, val = 1]
<empty>
<empty>
<empty>
<empty>
<empty>
LIST: [key = true-true, val = 1]
<empty>
<empty>
<empty>
<empty>
<empty>
<empty>
LIST: [key = ha!-he, val = 1]
LIST: [key = arrived, val = 1]
LIST: [key = aid, val = 1]
<empty>
<empty>
<empty>
<empty>
<empty>
<empty>
<empty>
<empty>
LIST: [key = parti-striped, val = 1]
<empty>
<empty>
<empty>
<empty>
LIST: [key = torch, val = 1]
<empty>
<empty>
LIST: [key = besides, val = 1]
<empty>
<empty>
<empty>
<empty>
<empty>
<empty>
<empty>
<empty>
<empty>
<empty>
<empty>
<empty>
<empty>
<empty>
<empty>
<empty>
<empty>
<empty>
<empty>
<empty>
<empty>
<empty>
<empty>
<empty>
<empty>
<empty>
<empty>
<empty>
<empty>
<empty>
<empty>
<empty>
<empty>
<empty>
<empty>
<empty>
<empty>
<empty>
<empty>
<empty>
<empty>
<empty>
LIST: [key = neither, val = 1], [key = fitted, val = 1]
LIST: [key = lady, val = 1]
<empty>
<empty>
<empty>
<empty>
<empty>
<empty>
LIST: [key = merry, val = 1]
<empty>
LIST: [key = his, val = 1], [key = cap, val = 1]
<empty>
<empty>
<empty>
<empty>
<empty>
<empty>
<empty>
<empty>
<empty>
<empty>
<empty>
<empty>
<empty>
<empty>
<empty>
<empty>
LIST: [key = word, val = 1]
<empty>
<empty>
<empty>
<empty>
<empty>
<empty>
<empty>
<empty>
<empty>
<empty>
<empty>
<empty>
<empty>
<empty>
<empty>
<empty>
<empty>
<empty>
<empty>
<empty>
<empty>
<empty>
<empty>
<empty>
LIST: [key = this, val = 1]
<empty>
<empty>
LIST: [key = backed, val = 1]
<empty>
<empty>
<empty>
<empty>
<empty>
<empty>
<empty>
<empty>
<empty>
<empty>
<empty>
<empty>
<empty>
<empty>
<empty>
<empty>
<empty>
<empty>
<empty>
<empty>
<empty>
<empty>
<empty>
<empty>
<empty>
<empty>
LIST: [key = smile, val = 1]
<empty>
<empty>
<empty>
<empty>
<empty>
<empty>
<empty>
<empty>
<empty>
<empty>
<empty>
<empty>
<empty>
<empty>
<empty>
<empty>
<empty>
<empty>
<empty>
<empty>
<empty>
<empty>
<empty>
<empty>
<empty>
<empty>
<empty>
<empty>
<empty>
<empty>
<empty>
<empty>
<empty>
<empty>
<empty>
<empty>
<empty>
<empty>
<empty>
LIST: [key = throwing, val = 1]
<empty>
<empty>
<empty>
<empty>
<empty>
<empty>
<empty>
<empty>
<empty>
<empty>
<empty>
<empty>
<empty>
<empty>
<empty>
<empty>
<empty>
<empty>
<empty>
<empty>
<empty>
<empty>
<empty>
<empty>
<empty>
<empty>
<empty>
<empty>
<empty>
<empty>
<empty>
<empty>
<empty>
LIST: [key = orbs, val = 1]
LIST: [key = around, val = 1]
LIST: [key = gait, val = 1]
<empty>
LIST: [key = sick, val = 1]
<empty>
LIST: [key = stone, val = 1]
<empty>
<empty>
<empty>
<empty>
LIST: [key = bones, val = 1]
LIST: [key = aloud, val = 1]
<empty>
<empty>
<empty>
<empty>
<empty>
<empty>
<empty>
LIST: [key = thus, val = 1]
<empty>
<empty>
<empty>
<empty>
<empty>
LIST: [key = turned, val = 1]
<empty>
<empty>
<empty>
<empty>
<empty>
<empty>
<empty>
<empty>
<empty>
<empty>
LIST: [key = drink, val = 1]
<empty>
<empty>
<empty>
<empty>
<empty>
<empty>
<empty>
<empty>
<empty>
<empty>
<empty>
LIST: [key = fierce, val = 1]
<empty>
<empty>
<empty>
<empty>
<empty>
<empty>
<empty>
<empty>
<empty>
<empty>
LIST: [key = millionaires, val = 1]
LIST: [key = roquelaire, val = 1]
<empty>
<empty>
<empty>
<empty>
<empty>
<empty>
<empty>
<empty>
<empty>
<empty>
<empty>
<empty>
<empty>
LIST: [key = back, val = 1]
<empty>
<empty>
<empty>
<empty>
<empty>
<empty>
<empty>
<empty>
<empty>
<empty>
<empty>
<empty>
<empty>
<empty>
<empty>
<empty>
<empty>
<empty>
<empty>
<empty>
<empty>
<empty>
<empty>
<empty>
<empty>
<empty>
LIST: [key = more, val = 1]
<empty>
<empty>
<empty>
<empty>
<empty>
<empty>
<empty>
<empty>
<empty>
<empty>
<empty>
<empty>
LIST: [key = secure, val = 1], [key = heard, val = 1]
<empty>
<empty>
<empty>
<empty>
<empty>
<empty>
<empty>
<empty>
<empty>
<empty>
<empty>
<empty>
<empty>
<empty>
<empty>
<empty>
<empty>
<empty>
LIST: [key = understood, val = 1]
<empty>
<empty>
<empty>
<empty>
LIST: [key = one, val = 1]
<empty>
<empty>
<empty>
<empty>
<empty>
<empty>
<empty>
LIST: [key = what, val = 1]
<empty>
<empty>
<empty>
<empty>
<empty>
<empty>
<empty>
<empty>
<empty>
<empty>
<empty>
<empty>
<empty>
<empty>
<empty>
<empty>
<empty>
<empty>
<empty>
<empty>
<empty>
<empty>
<empty>
<empty>
<empty>
<empty>
<empty>
<empty>
<empty>
<empty>
<empty>
<empty>
<empty>
<empty>
<empty>
LIST: [key = arches, val = 1]
<empty>
<empty>
<empty>
<empty>
<empty>
<empty>
<empty>
<empty>
<empty>
<empty>
LIST: [key = rapier, val = 1]
<empty>
LIST: [key = knocked, val = 1]
<empty>
<empty>
<empty>
<empty>
<empty>
<empty>
LIST: [key = power, val = 1]
<empty>
<empty>
<empty>
<empty>
<empty>
<empty>
<empty>
<empty>
<empty>
<empty>
<empty>
<empty>
<empty>
LIST: [key = fangs, val = 1]
<empty>
<empty>
<empty>
<empty>
<empty>
<empty>
<empty>
<empty>
LIST: [key = through, val = 1]
<empty>
<empty>
<empty>
LIST: [key = air, val = 1]
<empty>
<empty>
<empty>
<empty>
<empty>
<empty>
LIST: [key = proper, val = 1]
<empty>
<empty>
<empty>
<empty>
<empty>
LIST: [key = d'or, val = 1]
<empty>
<empty>
<empty>
<empty>
<empty>
<empty>
<empty>
<empty>
LIST: [key = jest, val = 1]
<empty>
LIST: [key = upon, val = 1]
LIST: [key = of, val = 1]
<empty>
<empty>
<empty>
<empty>
<empty>
<empty>
<empty>
<empty>
LIST: [key = season, val = 1]
<empty>
<empty>
<empty>
<empty>
<empty>
<empty>
<empty>
LIST: [key = surmounted, val = 1]
<empty>
<empty>
<empty>
<empty>
<empty>
LIST: [key = injuries, val = 1]
<empty>
<empty>
<empty>
<empty>
<empty>
<empty>
<empty>
<empty>
<empty>
<empty>
<empty>
<empty>
<empty>
<empty>
LIST: [key = destined, val = 1]
<empty>
<empty>
<empty>
<empty>
<empty>
<empty>
<empty>
<empty>
<empty>
<empty>
<empty>
<empty>
<empty>
<empty>
<empty>
<empty>
LIST: [key = crushes, val = 1]
<empty>
LIST: [key = if, val = 1]
<empty>
<empty>
<empty>
<empty>
<empty>
<empty>
<empty>
<empty>
<empty>
<empty>
<empty>
<empty>
<empty>
<empty>
<empty>
<empty>
<empty>
LIST: [key = knew, val = 1]
<empty>
<empty>
<empty>
<empty>
<empty>
<empty>
<empty>
<empty>
<empty>
<empty>
<empty>
<empty>
<empty>
<empty>
<empty>
LIST: [key = suddenly, val = 1]
<empty>
<empty>
<empty>
<empty>
<empty>
<empty>
<empty>
<empty>
<empty>
<empty>
<empty>
<empty>
<empty>
LIST: [key = increases, val = 1]
<empty>
<empty>
<empty>
<empty>
<empty>
<empty>
<empty>
<empty>
LIST: [key = ugh!-ugh, val = 1]
<empty>
<empty>
<empty>
LIST: [key = immediate, val = 1]
LIST: [key = proceed, val = 1]
<empty>
<empty>
<empty>
<empty>
<empty>
<empty>
<empty>
<empty>
<empty>
<empty>
<empty>
<empty>
LIST: [key = moss, val = 1]
<empty>
<empty>
<empty>
<empty>
<empty>
<empty>
<empty>
<empty>
<empty>
<empty>
<empty>
<empty>
<empty>
<empty>
<empty>
<empty>
<empty>
<empty>
<empty>
<empty>
<empty>
<empty>
<empty>
<empty>
<empty>
<empty>
<empty>
<empty>
<empty>
<empty>
<empty>
<empty>
<empty>
<empty>
<empty>
<empty>
<empty>
<empty>
<empty>
<empty>
<empty>
<empty>
<empty>
<empty>
<empty>
<empty>
<empty>
<empty>
<empty>
<empty>
<empty>
<empty>
<empty>
<empty>
<empty>
<empty>
<empty>
<empty>
<empty>
<empty>
<empty>
LIST: [key = full, val = 1]
<empty>
<empty>
<empty>
<empty>
<empty>
<empty>
<empty>
<empty>
<empty>
<empty>
<empty>
<empty>
<empty>
<empty>
<empty>
<empty>
<empty>
<empty>
<empty>
<empty>
<empty>
<empty>
<empty>
<empty>
<empty>
<empty>
<empty>
<empty>
LIST: [key = risk, val = 1]
<empty>
LIST: [key = spacious, val = 1]
<empty>
<empty>
<empty>
LIST: [key = placed, val = 1]
<empty>
<empty>
<empty>
<empty>
<empty>
<empty>
<empty>
<empty>
<empty>
<empty>
<empty>
<empty>
<empty>
<empty>
<empty>
<empty>
<empty>
<empty>
<empty>
<empty>
<empty>
<empty>
<empty>
<empty>
<empty>
LIST: [key = rich, val = 1]
<empty>
<empty>
<empty>
<empty>
<empty>
<empty>
<empty>
<empty>
LIST: [key = intermingling, val = 1]
<empty>
<empty>
<empty>
<empty>
<empty>
<empty>
<empty>
<empty>
<empty>
<empty>
<empty>
<empty>
<empty>
<empty>
<empty>
<empty>
<empty>
<empty>
<empty>
<empty>
LIST: [key = nature, val = 1]
<empty>
<empty>
<empty>
<empty>
<empty>
<empty>
<empty>
LIST: [key = chain, val = 1]
<empty>
<empty>
<empty>
<empty>
<empty>
<empty>
<empty>
<empty>
<empty>
LIST: [key = he, val = 1]
<empty>
<empty>
<empty>
LIST: [key = health, val = 1]
<empty>
<empty>
<empty>
<empty>
<empty>
<empty>
<empty>
<empty>
<empty>
<empty>
<empty>
<empty>
<empty>
<empty>
LIST: [key = laid, val = 1]
<empty>
<empty>
<empty>
<empty>
<empty>
<empty>
<empty>
<empty>
<empty>
<empty>
<empty>
<empty>
<empty>
<empty>
<empty>
<empty>
<empty>
<empty>
<empty>
<empty>
<empty>
<empty>
<empty>
<empty>
<empty>
<empty>
<empty>
<empty>
<empty>
<empty>
<empty>
<empty>
<empty>
<empty>
<empty>
<empty>
<empty>
<empty>
<empty>
LIST: [key = has, val = 1]
<empty>
<empty>
<empty>
<empty>
<empty>
<empty>
<empty>
<empty>
<empty>
LIST: [key = completed, val = 1]
<empty>
<empty>
<empty>
<empty>
<empty>
<empty>
<empty>
<empty>
<empty>
<empty>
LIST: [key = endeavoured, val = 1]
<empty>
<empty>
<empty>
<empty>
<empty>
<empty>
<empty>
<empty>
<empty>
<empty>
<empty>
<empty>
<empty>
<empty>
<empty>
<empty>
<empty>
<empty>
<empty>
<empty>
<empty>
<empty>
<empty>
<empty>
<empty>
<empty>
<empty>
<empty>
<empty>
<empty>
<empty>
<empty>
LIST: [key = offering, val = 1]
<empty>
<empty>
<empty>
<empty>
<empty>
<empty>
<empty>
<empty>
LIST: [key = busied, val = 1]
<empty>
<empty>
<empty>
<empty>
<empty>
<empty>
<empty>
LIST: [key = seconds, val = 1]
<empty>
<empty>
<empty>
<empty>
<empty>
<empty>
<empty>
<empty>
<empty>
<empty>
<empty>
<empty>
<empty>
<empty>
<empty>
number of buckets: 9973
number of non-empty buckets: 785
number of entries: 809
longest chain: 2
